2021-01-20 07:24:26,876 WARN com.zaxxer.hikari.pool.HikariPool [HikariPool-1 housekeeper] HikariPool-1 - Thread starvation or clock leap detected (housekeeper delta=7h43m29s789ms576µs200ns).
2021-01-20 09:31:54,872 WARN com.zaxxer.hikari.pool.HikariPool [HikariPool-1 housekeeper] HikariPool-1 - Thread starvation or clock leap detected (housekeeper delta=1h10m56s560ms81µs).
2021-01-20 12:36:00,647 WARN com.zaxxer.hikari.pool.HikariPool [HikariPool-1 housekeeper] HikariPool-1 - Thread starvation or clock leap detected (housekeeper delta=1m5s409ms512µs400ns).
2021-01-20 13:27:09,219 WARN com.zaxxer.hikari.pool.HikariPool [HikariPool-1 housekeeper] HikariPool-1 - Thread starvation or clock leap detected (housekeeper delta=21m8s524ms109µs400ns).
2021-01-20 13:56:30,855 INFO CommonEntityApplication [restartedMain] Starting CommonEntityApplication using Java 11.0.9 on HDL014788 with PID 21372 (D:\java_learnings\CommonEntity\target\classes started by meenakshi_m in D:\java_learnings\CommonEntity)
2021-01-20 13:56:30,868 DEBUG CommonEntityApplication [restartedMain] Running with Spring Boot v2.4.1, Spring v5.3.2
2021-01-20 13:56:30,872 INFO CommonEntityApplication [restartedMain] No active profile set, falling back to default profiles: default
2021-01-20 13:56:40,190 INFO org.apache.coyote.http11.Http11NioProtocol [restartedMain] Initializing ProtocolHandler ["http-nio-8080"]
2021-01-20 13:56:40,195 INFO org.apache.catalina.core.StandardService [restartedMain] Starting service [Tomcat]
2021-01-20 13:56:40,196 INFO org.apache.catalina.core.StandardEngine [restartedMain] Starting Servlet engine: [Apache Tomcat/9.0.41]
2021-01-20 13:56:40,766 INFO org.apache.catalina.core.ContainerBase.[Tomcat].[localhost].[/] [restartedMain] Initializing Spring embedded WebApplicationContext
2021-01-20 13:56:41,862 INFO com.zaxxer.hikari.HikariDataSource [restartedMain] HikariPool-1 - Starting...
2021-01-20 13:56:43,367 INFO com.zaxxer.hikari.HikariDataSource [restartedMain] HikariPool-1 - Start completed.
2021-01-20 13:56:43,524 INFO org.hibernate.jpa.internal.util.LogHelper [restartedMain] HHH000204: Processing PersistenceUnitInfo [name: default]
2021-01-20 13:56:43,763 INFO org.hibernate.Version [restartedMain] HHH000412: Hibernate ORM core version 5.4.25.Final
2021-01-20 13:56:44,251 INFO org.hibernate.annotations.common.Version [restartedMain] HCANN000001: Hibernate Commons Annotations {5.1.2.Final}
2021-01-20 13:56:44,747 INFO org.hibernate.dialect.Dialect [restartedMain] HHH000400: Using dialect: org.hibernate.dialect.PostgreSQL10Dialect
2021-01-20 13:56:46,810 INFO org.hibernate.engine.transaction.jta.platform.internal.JtaPlatformInitiator [restartedMain] HHH000490: Using JtaPlatform implementation: [org.hibernate.engine.transaction.jta.platform.internal.NoJtaPlatform]
2021-01-20 13:56:49,083 INFO springfox.documentation.spring.web.PropertySourcedRequestMappingHandlerMapping [restartedMain] Mapped URL path [/v2/api-docs] onto method [springfox.documentation.swagger2.web.Swagger2Controller#getDocumentation(String, HttpServletRequest)]
2021-01-20 13:56:49,615 INFO org.apache.coyote.http11.Http11NioProtocol [restartedMain] Starting ProtocolHandler ["http-nio-8080"]
2021-01-20 13:56:49,661 INFO springfox.documentation.spring.web.plugins.DocumentationPluginsBootstrapper [restartedMain] Context refreshed
2021-01-20 13:56:49,714 INFO springfox.documentation.spring.web.plugins.DocumentationPluginsBootstrapper [restartedMain] Found 1 custom documentation plugin(s)
2021-01-20 13:56:49,841 INFO springfox.documentation.spring.web.scanners.ApiListingReferenceScanner [restartedMain] Scanning for api listing references
2021-01-20 13:56:50,208 INFO springfox.documentation.spring.web.readers.operation.CachingOperationNameGenerator [restartedMain] Generating unique operation named: exportUsingGET_1
2021-01-20 13:56:50,297 INFO springfox.documentation.spring.web.readers.operation.CachingOperationNameGenerator [restartedMain] Generating unique operation named: exportUsingGET_2
2021-01-20 13:56:50,406 INFO springfox.documentation.spring.web.readers.operation.CachingOperationNameGenerator [restartedMain] Generating unique operation named: exportUsingGET_3
2021-01-20 13:56:50,488 INFO CommonEntityApplication [restartedMain] Started CommonEntityApplication in 21.16 seconds (JVM running for 26.881)
2021-01-20 13:57:57,200 INFO org.apache.catalina.core.ContainerBase.[Tomcat].[localhost].[/] [http-nio-8080-exec-1] Initializing Spring DispatcherServlet 'dispatcherServlet'
2021-01-20 16:03:40,517 WARN com.zaxxer.hikari.pool.HikariPool [HikariPool-1 housekeeper] HikariPool-1 - Thread starvation or clock leap detected (housekeeper delta=14m56s831ms228µs).
2021-01-20 18:05:09,633 WARN com.zaxxer.hikari.pool.HikariPool [HikariPool-1 housekeeper] HikariPool-1 - Thread starvation or clock leap detected (housekeeper delta=2m28s888ms1µs500ns).
2021-01-20 18:50:35,130 WARN com.zaxxer.hikari.pool.HikariPool [HikariPool-1 housekeeper] HikariPool-1 - Thread starvation or clock leap detected (housekeeper delta=12m55s451ms758µs400ns).
2021-01-20 21:29:12,356 WARN com.zaxxer.hikari.pool.HikariPool [HikariPool-1 housekeeper] HikariPool-1 - Thread starvation or clock leap detected (housekeeper delta=33m36s984ms441µs100ns).
2021-01-20 22:25:56,849 WARN com.zaxxer.hikari.pool.HikariPool [HikariPool-1 housekeeper] HikariPool-1 - Thread starvation or clock leap detected (housekeeper delta=16m44s425ms942µs700ns).
2021-01-20 23:16:09,448 WARN com.zaxxer.hikari.pool.HikariPool [HikariPool-1 housekeeper] HikariPool-1 - Thread starvation or clock leap detected (housekeeper delta=1m12s523ms199µs699ns).
2021-01-20 23:35:42,545 WARN com.zaxxer.hikari.pool.HikariPool [HikariPool-1 housekeeper] HikariPool-1 - Thread starvation or clock leap detected (housekeeper delta=3m33s76ms636µs500ns).
