2021-01-22 08:09:52,165 WARN com.zaxxer.hikari.pool.HikariPool [HikariPool-1 housekeeper] HikariPool-1 - Thread starvation or clock leap detected (housekeeper delta=7h11m48s555ms446µs400ns).
2021-01-22 09:46:58,933 WARN com.zaxxer.hikari.pool.HikariPool [HikariPool-1 housekeeper] HikariPool-1 - Thread starvation or clock leap detected (housekeeper delta=49m6s299ms900µs500ns).
2021-01-22 16:41:08,859 WARN com.zaxxer.hikari.pool.HikariPool [HikariPool-1 housekeeper] HikariPool-1 - Thread starvation or clock leap detected (housekeeper delta=33m9s145ms733µs100ns).
2021-01-22 17:10:12,391 WARN com.zaxxer.hikari.pool.HikariPool [HikariPool-1 housekeeper] HikariPool-1 - Thread starvation or clock leap detected (housekeeper delta=12m3s486ms712µs700ns).
2021-01-22 17:27:50,705 INFO com.zaxxer.hikari.HikariDataSource [SpringContextShutdownHook] HikariPool-1 - Shutdown initiated...
2021-01-22 17:27:50,729 INFO com.zaxxer.hikari.HikariDataSource [SpringContextShutdownHook] HikariPool-1 - Shutdown completed.
2021-01-22 17:28:08,808 INFO CommonEntityApplication [restartedMain] Starting CommonEntityApplication using Java 11.0.9 on HDL014788 with PID 22888 (D:\java_learnings\CommonEntity\target\classes started by meenakshi_m in D:\java_learnings\CommonEntity)
2021-01-22 17:28:08,814 DEBUG CommonEntityApplication [restartedMain] Running with Spring Boot v2.4.1, Spring v5.3.2
2021-01-22 17:28:08,815 INFO CommonEntityApplication [restartedMain] No active profile set, falling back to default profiles: default
2021-01-22 17:28:14,210 INFO org.apache.coyote.http11.Http11NioProtocol [restartedMain] Initializing ProtocolHandler ["http-nio-8080"]
2021-01-22 17:28:14,212 INFO org.apache.catalina.core.StandardService [restartedMain] Starting service [Tomcat]
2021-01-22 17:28:14,212 INFO org.apache.catalina.core.StandardEngine [restartedMain] Starting Servlet engine: [Apache Tomcat/9.0.41]
2021-01-22 17:28:14,634 INFO org.apache.catalina.core.ContainerBase.[Tomcat].[localhost].[/] [restartedMain] Initializing Spring embedded WebApplicationContext
2021-01-22 17:28:15,324 INFO com.zaxxer.hikari.HikariDataSource [restartedMain] HikariPool-1 - Starting...
2021-01-22 17:28:15,876 INFO com.zaxxer.hikari.HikariDataSource [restartedMain] HikariPool-1 - Start completed.
2021-01-22 17:28:16,017 INFO org.hibernate.jpa.internal.util.LogHelper [restartedMain] HHH000204: Processing PersistenceUnitInfo [name: default]
2021-01-22 17:28:16,175 INFO org.hibernate.Version [restartedMain] HHH000412: Hibernate ORM core version 5.4.25.Final
2021-01-22 17:28:16,528 INFO org.hibernate.annotations.common.Version [restartedMain] HCANN000001: Hibernate Commons Annotations {5.1.2.Final}
2021-01-22 17:28:16,844 INFO org.hibernate.dialect.Dialect [restartedMain] HHH000400: Using dialect: org.hibernate.dialect.PostgreSQL10Dialect
2021-01-22 17:28:18,806 INFO org.hibernate.engine.transaction.jta.platform.internal.JtaPlatformInitiator [restartedMain] HHH000490: Using JtaPlatform implementation: [org.hibernate.engine.transaction.jta.platform.internal.NoJtaPlatform]
2021-01-22 17:28:21,035 INFO springfox.documentation.spring.web.PropertySourcedRequestMappingHandlerMapping [restartedMain] Mapped URL path [/v2/api-docs] onto method [springfox.documentation.swagger2.web.Swagger2Controller#getDocumentation(String, HttpServletRequest)]
2021-01-22 17:28:21,684 INFO org.apache.coyote.http11.Http11NioProtocol [restartedMain] Starting ProtocolHandler ["http-nio-8080"]
2021-01-22 17:28:21,731 INFO springfox.documentation.spring.web.plugins.DocumentationPluginsBootstrapper [restartedMain] Context refreshed
2021-01-22 17:28:21,770 INFO springfox.documentation.spring.web.plugins.DocumentationPluginsBootstrapper [restartedMain] Found 1 custom documentation plugin(s)
2021-01-22 17:28:21,935 INFO springfox.documentation.spring.web.scanners.ApiListingReferenceScanner [restartedMain] Scanning for api listing references
2021-01-22 17:28:22,307 INFO springfox.documentation.spring.web.readers.operation.CachingOperationNameGenerator [restartedMain] Generating unique operation named: exportUsingGET_1
2021-01-22 17:28:22,399 INFO springfox.documentation.spring.web.readers.operation.CachingOperationNameGenerator [restartedMain] Generating unique operation named: exportUsingGET_2
2021-01-22 17:28:22,501 INFO springfox.documentation.spring.web.readers.operation.CachingOperationNameGenerator [restartedMain] Generating unique operation named: exportUsingGET_3
2021-01-22 17:28:22,570 INFO CommonEntityApplication [restartedMain] Started CommonEntityApplication in 14.837 seconds (JVM running for 17.034)
2021-01-22 17:28:59,198 INFO org.apache.catalina.core.ContainerBase.[Tomcat].[localhost].[/] [http-nio-8080-exec-1] Initializing Spring DispatcherServlet 'dispatcherServlet'
2021-01-22 17:30:16,107 WARN com.zaxxer.hikari.pool.HikariPool [HikariPool-1 housekeeper] HikariPool-1 - Thread starvation or clock leap detected (housekeeper delta=1m123ms787µs900ns).
2021-01-22 17:30:16,881 INFO com.zaxxer.hikari.HikariDataSource [SpringContextShutdownHook] HikariPool-1 - Shutdown initiated...
2021-01-22 17:30:16,894 INFO com.zaxxer.hikari.HikariDataSource [SpringContextShutdownHook] HikariPool-1 - Shutdown completed.
2021-01-22 17:30:40,005 INFO CommonEntityApplication [restartedMain] Starting CommonEntityApplication using Java 11.0.9 on HDL014788 with PID 34496 (D:\java_learnings\CommonEntity\target\classes started by meenakshi_m in D:\java_learnings\CommonEntity)
2021-01-22 17:30:40,011 DEBUG CommonEntityApplication [restartedMain] Running with Spring Boot v2.4.1, Spring v5.3.2
2021-01-22 17:30:40,012 INFO CommonEntityApplication [restartedMain] No active profile set, falling back to default profiles: default
2021-01-22 17:30:45,110 INFO org.apache.coyote.http11.Http11NioProtocol [restartedMain] Initializing ProtocolHandler ["http-nio-8080"]
2021-01-22 17:30:45,110 INFO org.apache.catalina.core.StandardService [restartedMain] Starting service [Tomcat]
2021-01-22 17:30:45,111 INFO org.apache.catalina.core.StandardEngine [restartedMain] Starting Servlet engine: [Apache Tomcat/9.0.41]
2021-01-22 17:30:45,469 INFO org.apache.catalina.core.ContainerBase.[Tomcat].[localhost].[/] [restartedMain] Initializing Spring embedded WebApplicationContext
2021-01-22 17:30:46,135 INFO com.zaxxer.hikari.HikariDataSource [restartedMain] HikariPool-1 - Starting...
2021-01-22 17:30:46,590 INFO com.zaxxer.hikari.HikariDataSource [restartedMain] HikariPool-1 - Start completed.
2021-01-22 17:30:46,700 INFO org.hibernate.jpa.internal.util.LogHelper [restartedMain] HHH000204: Processing PersistenceUnitInfo [name: default]
2021-01-22 17:30:46,861 INFO org.hibernate.Version [restartedMain] HHH000412: Hibernate ORM core version 5.4.25.Final
2021-01-22 17:30:47,226 INFO org.hibernate.annotations.common.Version [restartedMain] HCANN000001: Hibernate Commons Annotations {5.1.2.Final}
2021-01-22 17:30:47,529 INFO org.hibernate.dialect.Dialect [restartedMain] HHH000400: Using dialect: org.hibernate.dialect.PostgreSQL10Dialect
2021-01-22 17:30:49,416 INFO org.hibernate.engine.transaction.jta.platform.internal.JtaPlatformInitiator [restartedMain] HHH000490: Using JtaPlatform implementation: [org.hibernate.engine.transaction.jta.platform.internal.NoJtaPlatform]
2021-01-22 17:30:51,732 INFO springfox.documentation.spring.web.PropertySourcedRequestMappingHandlerMapping [restartedMain] Mapped URL path [/v2/api-docs] onto method [springfox.documentation.swagger2.web.Swagger2Controller#getDocumentation(String, HttpServletRequest)]
2021-01-22 17:30:52,398 INFO org.apache.coyote.http11.Http11NioProtocol [restartedMain] Starting ProtocolHandler ["http-nio-8080"]
2021-01-22 17:30:52,451 INFO springfox.documentation.spring.web.plugins.DocumentationPluginsBootstrapper [restartedMain] Context refreshed
2021-01-22 17:30:52,521 INFO springfox.documentation.spring.web.plugins.DocumentationPluginsBootstrapper [restartedMain] Found 1 custom documentation plugin(s)
2021-01-22 17:30:52,657 INFO springfox.documentation.spring.web.scanners.ApiListingReferenceScanner [restartedMain] Scanning for api listing references
2021-01-22 17:30:53,051 INFO springfox.documentation.spring.web.readers.operation.CachingOperationNameGenerator [restartedMain] Generating unique operation named: exportUsingGET_1
2021-01-22 17:30:53,148 INFO springfox.documentation.spring.web.readers.operation.CachingOperationNameGenerator [restartedMain] Generating unique operation named: exportUsingGET_2
2021-01-22 17:30:53,265 INFO springfox.documentation.spring.web.readers.operation.CachingOperationNameGenerator [restartedMain] Generating unique operation named: exportUsingGET_3
2021-01-22 17:30:53,338 INFO CommonEntityApplication [restartedMain] Started CommonEntityApplication in 14.334 seconds (JVM running for 16.615)
2021-01-22 17:31:23,511 INFO org.apache.catalina.core.ContainerBase.[Tomcat].[localhost].[/] [http-nio-8080-exec-1] Initializing Spring DispatcherServlet 'dispatcherServlet'
2021-01-22 17:32:19,630 WARN com.zaxxer.hikari.pool.HikariPool [HikariPool-1 housekeeper] HikariPool-1 - Thread starvation or clock leap detected (housekeeper delta=58s66ms106µs700ns).
2021-01-22 17:33:04,413 WARN com.zaxxer.hikari.pool.HikariPool [HikariPool-1 housekeeper] HikariPool-1 - Thread starvation or clock leap detected (housekeeper delta=49s653ms458µs200ns).
2021-01-22 17:34:42,093 WARN com.zaxxer.hikari.pool.HikariPool [HikariPool-1 housekeeper] HikariPool-1 - Thread starvation or clock leap detected (housekeeper delta=1m37s680ms935µs300ns).
2021-01-22 17:36:18,024 WARN com.zaxxer.hikari.pool.HikariPool [HikariPool-1 housekeeper] HikariPool-1 - Thread starvation or clock leap detected (housekeeper delta=54s244ms419µs700ns).
2021-01-22 17:37:31,035 INFO com.zaxxer.hikari.HikariDataSource [SpringContextShutdownHook] HikariPool-1 - Shutdown initiated...
2021-01-22 17:37:31,052 INFO com.zaxxer.hikari.HikariDataSource [SpringContextShutdownHook] HikariPool-1 - Shutdown completed.
2021-01-22 17:37:42,393 INFO CommonEntityApplication [restartedMain] Starting CommonEntityApplication using Java 11.0.9 on HDL014788 with PID 34724 (D:\java_learnings\CommonEntity\target\classes started by meenakshi_m in D:\java_learnings\CommonEntity)
2021-01-22 17:37:42,400 DEBUG CommonEntityApplication [restartedMain] Running with Spring Boot v2.4.1, Spring v5.3.2
2021-01-22 17:37:42,401 INFO CommonEntityApplication [restartedMain] No active profile set, falling back to default profiles: default
2021-01-22 17:37:47,908 INFO org.apache.coyote.http11.Http11NioProtocol [restartedMain] Initializing ProtocolHandler ["http-nio-8080"]
2021-01-22 17:37:47,908 INFO org.apache.catalina.core.StandardService [restartedMain] Starting service [Tomcat]
2021-01-22 17:37:47,908 INFO org.apache.catalina.core.StandardEngine [restartedMain] Starting Servlet engine: [Apache Tomcat/9.0.41]
2021-01-22 17:37:48,295 INFO org.apache.catalina.core.ContainerBase.[Tomcat].[localhost].[/] [restartedMain] Initializing Spring embedded WebApplicationContext
2021-01-22 17:37:49,031 INFO com.zaxxer.hikari.HikariDataSource [restartedMain] HikariPool-1 - Starting...
2021-01-22 17:37:49,473 INFO com.zaxxer.hikari.HikariDataSource [restartedMain] HikariPool-1 - Start completed.
2021-01-22 17:37:49,621 INFO org.hibernate.jpa.internal.util.LogHelper [restartedMain] HHH000204: Processing PersistenceUnitInfo [name: default]
2021-01-22 17:37:49,797 INFO org.hibernate.Version [restartedMain] HHH000412: Hibernate ORM core version 5.4.25.Final
2021-01-22 17:37:50,260 INFO org.hibernate.annotations.common.Version [restartedMain] HCANN000001: Hibernate Commons Annotations {5.1.2.Final}
2021-01-22 17:37:50,590 INFO org.hibernate.dialect.Dialect [restartedMain] HHH000400: Using dialect: org.hibernate.dialect.PostgreSQL10Dialect
2021-01-22 17:37:52,534 INFO org.hibernate.engine.transaction.jta.platform.internal.JtaPlatformInitiator [restartedMain] HHH000490: Using JtaPlatform implementation: [org.hibernate.engine.transaction.jta.platform.internal.NoJtaPlatform]
2021-01-22 17:37:54,716 INFO springfox.documentation.spring.web.PropertySourcedRequestMappingHandlerMapping [restartedMain] Mapped URL path [/v2/api-docs] onto method [springfox.documentation.swagger2.web.Swagger2Controller#getDocumentation(String, HttpServletRequest)]
2021-01-22 17:37:55,319 INFO org.apache.coyote.http11.Http11NioProtocol [restartedMain] Starting ProtocolHandler ["http-nio-8080"]
2021-01-22 17:37:55,360 INFO springfox.documentation.spring.web.plugins.DocumentationPluginsBootstrapper [restartedMain] Context refreshed
2021-01-22 17:37:55,444 INFO springfox.documentation.spring.web.plugins.DocumentationPluginsBootstrapper [restartedMain] Found 1 custom documentation plugin(s)
2021-01-22 17:37:55,607 INFO springfox.documentation.spring.web.scanners.ApiListingReferenceScanner [restartedMain] Scanning for api listing references
2021-01-22 17:37:56,015 INFO springfox.documentation.spring.web.readers.operation.CachingOperationNameGenerator [restartedMain] Generating unique operation named: exportUsingGET_1
2021-01-22 17:37:56,198 INFO springfox.documentation.spring.web.readers.operation.CachingOperationNameGenerator [restartedMain] Generating unique operation named: exportUsingGET_2
2021-01-22 17:37:56,426 INFO springfox.documentation.spring.web.readers.operation.CachingOperationNameGenerator [restartedMain] Generating unique operation named: exportUsingGET_3
2021-01-22 17:37:56,519 INFO CommonEntityApplication [restartedMain] Started CommonEntityApplication in 15.238 seconds (JVM running for 17.299)
2021-01-22 17:39:52,027 INFO com.zaxxer.hikari.HikariDataSource [SpringContextShutdownHook] HikariPool-1 - Shutdown initiated...
2021-01-22 17:39:52,057 INFO com.zaxxer.hikari.HikariDataSource [SpringContextShutdownHook] HikariPool-1 - Shutdown completed.
2021-01-22 17:39:59,189 INFO CommonEntityApplication [restartedMain] Starting CommonEntityApplication using Java 11.0.9 on HDL014788 with PID 28124 (D:\java_learnings\CommonEntity\target\classes started by meenakshi_m in D:\java_learnings\CommonEntity)
2021-01-22 17:39:59,195 DEBUG CommonEntityApplication [restartedMain] Running with Spring Boot v2.4.1, Spring v5.3.2
2021-01-22 17:39:59,197 INFO CommonEntityApplication [restartedMain] No active profile set, falling back to default profiles: default
2021-01-22 17:40:04,840 INFO org.apache.coyote.http11.Http11NioProtocol [restartedMain] Initializing ProtocolHandler ["http-nio-8080"]
2021-01-22 17:40:04,841 INFO org.apache.catalina.core.StandardService [restartedMain] Starting service [Tomcat]
2021-01-22 17:40:04,842 INFO org.apache.catalina.core.StandardEngine [restartedMain] Starting Servlet engine: [Apache Tomcat/9.0.41]
2021-01-22 17:40:05,200 INFO org.apache.catalina.core.ContainerBase.[Tomcat].[localhost].[/] [restartedMain] Initializing Spring embedded WebApplicationContext
2021-01-22 17:40:05,865 INFO com.zaxxer.hikari.HikariDataSource [restartedMain] HikariPool-1 - Starting...
2021-01-22 17:40:06,282 INFO com.zaxxer.hikari.HikariDataSource [restartedMain] HikariPool-1 - Start completed.
2021-01-22 17:40:06,393 INFO org.hibernate.jpa.internal.util.LogHelper [restartedMain] HHH000204: Processing PersistenceUnitInfo [name: default]
2021-01-22 17:40:06,521 INFO org.hibernate.Version [restartedMain] HHH000412: Hibernate ORM core version 5.4.25.Final
2021-01-22 17:40:06,860 INFO org.hibernate.annotations.common.Version [restartedMain] HCANN000001: Hibernate Commons Annotations {5.1.2.Final}
2021-01-22 17:40:07,175 INFO org.hibernate.dialect.Dialect [restartedMain] HHH000400: Using dialect: org.hibernate.dialect.PostgreSQL10Dialect
2021-01-22 17:40:09,008 INFO org.hibernate.engine.transaction.jta.platform.internal.JtaPlatformInitiator [restartedMain] HHH000490: Using JtaPlatform implementation: [org.hibernate.engine.transaction.jta.platform.internal.NoJtaPlatform]
2021-01-22 17:40:11,398 INFO springfox.documentation.spring.web.PropertySourcedRequestMappingHandlerMapping [restartedMain] Mapped URL path [/v2/api-docs] onto method [springfox.documentation.swagger2.web.Swagger2Controller#getDocumentation(String, HttpServletRequest)]
2021-01-22 17:40:11,975 INFO org.apache.coyote.http11.Http11NioProtocol [restartedMain] Starting ProtocolHandler ["http-nio-8080"]
2021-01-22 17:40:12,015 INFO springfox.documentation.spring.web.plugins.DocumentationPluginsBootstrapper [restartedMain] Context refreshed
2021-01-22 17:40:12,047 INFO springfox.documentation.spring.web.plugins.DocumentationPluginsBootstrapper [restartedMain] Found 1 custom documentation plugin(s)
2021-01-22 17:40:12,171 INFO springfox.documentation.spring.web.scanners.ApiListingReferenceScanner [restartedMain] Scanning for api listing references
2021-01-22 17:40:12,532 INFO springfox.documentation.spring.web.readers.operation.CachingOperationNameGenerator [restartedMain] Generating unique operation named: exportUsingGET_1
2021-01-22 17:40:12,628 INFO springfox.documentation.spring.web.readers.operation.CachingOperationNameGenerator [restartedMain] Generating unique operation named: exportUsingGET_2
2021-01-22 17:40:12,768 INFO springfox.documentation.spring.web.readers.operation.CachingOperationNameGenerator [restartedMain] Generating unique operation named: exportUsingGET_3
2021-01-22 17:40:12,834 INFO CommonEntityApplication [restartedMain] Started CommonEntityApplication in 14.739 seconds (JVM running for 16.735)
2021-01-22 17:40:17,939 INFO org.apache.catalina.core.ContainerBase.[Tomcat].[localhost].[/] [http-nio-8080-exec-1] Initializing Spring DispatcherServlet 'dispatcherServlet'
2021-01-22 19:48:47,162 WARN com.zaxxer.hikari.pool.HikariPool [HikariPool-1 housekeeper] HikariPool-1 - Thread starvation or clock leap detected (housekeeper delta=2h3m40s612ms441µs200ns).
2021-01-22 19:56:31,396 WARN com.zaxxer.hikari.pool.HikariPool [HikariPool-1 housekeeper] HikariPool-1 - Thread starvation or clock leap detected (housekeeper delta=2m10s256ms506µs300ns).
2021-01-22 19:56:40,660 INFO com.zaxxer.hikari.HikariDataSource [SpringContextShutdownHook] HikariPool-1 - Shutdown initiated...
2021-01-22 19:56:40,685 INFO com.zaxxer.hikari.HikariDataSource [SpringContextShutdownHook] HikariPool-1 - Shutdown completed.
2021-01-22 19:56:52,944 INFO CommonEntityApplication [restartedMain] Starting CommonEntityApplication using Java 11.0.9 on HDL014788 with PID 4704 (D:\java_learnings\CommonEntity\target\classes started by meenakshi_m in D:\java_learnings\CommonEntity)
2021-01-22 19:56:52,949 DEBUG CommonEntityApplication [restartedMain] Running with Spring Boot v2.4.1, Spring v5.3.2
2021-01-22 19:56:52,950 INFO CommonEntityApplication [restartedMain] No active profile set, falling back to default profiles: default
2021-01-22 19:56:58,678 INFO org.apache.coyote.http11.Http11NioProtocol [restartedMain] Initializing ProtocolHandler ["http-nio-8080"]
2021-01-22 19:56:58,679 INFO org.apache.catalina.core.StandardService [restartedMain] Starting service [Tomcat]
2021-01-22 19:56:58,680 INFO org.apache.catalina.core.StandardEngine [restartedMain] Starting Servlet engine: [Apache Tomcat/9.0.41]
2021-01-22 19:56:59,044 INFO org.apache.catalina.core.ContainerBase.[Tomcat].[localhost].[/] [restartedMain] Initializing Spring embedded WebApplicationContext
2021-01-22 19:56:59,726 INFO com.zaxxer.hikari.HikariDataSource [restartedMain] HikariPool-1 - Starting...
2021-01-22 19:57:00,265 INFO com.zaxxer.hikari.HikariDataSource [restartedMain] HikariPool-1 - Start completed.
2021-01-22 19:57:00,378 INFO org.hibernate.jpa.internal.util.LogHelper [restartedMain] HHH000204: Processing PersistenceUnitInfo [name: default]
2021-01-22 19:57:00,531 INFO org.hibernate.Version [restartedMain] HHH000412: Hibernate ORM core version 5.4.25.Final
2021-01-22 19:57:00,895 INFO org.hibernate.annotations.common.Version [restartedMain] HCANN000001: Hibernate Commons Annotations {5.1.2.Final}
2021-01-22 19:57:01,161 INFO org.hibernate.dialect.Dialect [restartedMain] HHH000400: Using dialect: org.hibernate.dialect.PostgreSQL10Dialect
2021-01-22 19:57:03,057 INFO org.hibernate.engine.transaction.jta.platform.internal.JtaPlatformInitiator [restartedMain] HHH000490: Using JtaPlatform implementation: [org.hibernate.engine.transaction.jta.platform.internal.NoJtaPlatform]
2021-01-22 19:57:05,295 INFO springfox.documentation.spring.web.PropertySourcedRequestMappingHandlerMapping [restartedMain] Mapped URL path [/v2/api-docs] onto method [springfox.documentation.swagger2.web.Swagger2Controller#getDocumentation(String, HttpServletRequest)]
2021-01-22 19:57:05,947 INFO org.apache.coyote.http11.Http11NioProtocol [restartedMain] Starting ProtocolHandler ["http-nio-8080"]
2021-01-22 19:57:06,016 INFO springfox.documentation.spring.web.plugins.DocumentationPluginsBootstrapper [restartedMain] Context refreshed
2021-01-22 19:57:06,055 INFO springfox.documentation.spring.web.plugins.DocumentationPluginsBootstrapper [restartedMain] Found 1 custom documentation plugin(s)
2021-01-22 19:57:06,177 INFO springfox.documentation.spring.web.scanners.ApiListingReferenceScanner [restartedMain] Scanning for api listing references
2021-01-22 19:57:06,526 INFO springfox.documentation.spring.web.readers.operation.CachingOperationNameGenerator [restartedMain] Generating unique operation named: exportUsingGET_1
2021-01-22 19:57:06,608 INFO springfox.documentation.spring.web.readers.operation.CachingOperationNameGenerator [restartedMain] Generating unique operation named: exportUsingGET_2
2021-01-22 19:57:06,721 INFO springfox.documentation.spring.web.readers.operation.CachingOperationNameGenerator [restartedMain] Generating unique operation named: exportUsingGET_3
2021-01-22 19:57:06,788 INFO CommonEntityApplication [restartedMain] Started CommonEntityApplication in 15.142 seconds (JVM running for 17.427)
2021-01-22 20:26:09,166 INFO com.zaxxer.hikari.HikariDataSource [SpringContextShutdownHook] HikariPool-1 - Shutdown initiated...
2021-01-22 20:26:09,203 INFO com.zaxxer.hikari.HikariDataSource [SpringContextShutdownHook] HikariPool-1 - Shutdown completed.
2021-01-22 20:26:21,305 INFO CommonEntityApplication [restartedMain] Starting CommonEntityApplication using Java 11.0.9 on HDL014788 with PID 21868 (D:\java_learnings\CommonEntity\target\classes started by meenakshi_m in D:\java_learnings\CommonEntity)
2021-01-22 20:26:21,313 DEBUG CommonEntityApplication [restartedMain] Running with Spring Boot v2.4.1, Spring v5.3.2
2021-01-22 20:26:21,314 INFO CommonEntityApplication [restartedMain] No active profile set, falling back to default profiles: default
2021-01-22 20:26:27,005 INFO org.apache.coyote.http11.Http11NioProtocol [restartedMain] Initializing ProtocolHandler ["http-nio-8080"]
2021-01-22 20:26:27,006 INFO org.apache.catalina.core.StandardService [restartedMain] Starting service [Tomcat]
2021-01-22 20:26:27,006 INFO org.apache.catalina.core.StandardEngine [restartedMain] Starting Servlet engine: [Apache Tomcat/9.0.41]
2021-01-22 20:26:27,414 INFO org.apache.catalina.core.ContainerBase.[Tomcat].[localhost].[/] [restartedMain] Initializing Spring embedded WebApplicationContext
2021-01-22 20:26:28,078 INFO com.zaxxer.hikari.HikariDataSource [restartedMain] HikariPool-1 - Starting...
2021-01-22 20:26:28,583 INFO com.zaxxer.hikari.HikariDataSource [restartedMain] HikariPool-1 - Start completed.
2021-01-22 20:26:28,737 INFO org.hibernate.jpa.internal.util.LogHelper [restartedMain] HHH000204: Processing PersistenceUnitInfo [name: default]
2021-01-22 20:26:28,871 INFO org.hibernate.Version [restartedMain] HHH000412: Hibernate ORM core version 5.4.25.Final
2021-01-22 20:26:29,252 INFO org.hibernate.annotations.common.Version [restartedMain] HCANN000001: Hibernate Commons Annotations {5.1.2.Final}
2021-01-22 20:26:29,562 INFO org.hibernate.dialect.Dialect [restartedMain] HHH000400: Using dialect: org.hibernate.dialect.PostgreSQL10Dialect
2021-01-22 20:26:31,439 INFO org.hibernate.engine.transaction.jta.platform.internal.JtaPlatformInitiator [restartedMain] HHH000490: Using JtaPlatform implementation: [org.hibernate.engine.transaction.jta.platform.internal.NoJtaPlatform]
2021-01-22 20:26:33,654 INFO springfox.documentation.spring.web.PropertySourcedRequestMappingHandlerMapping [restartedMain] Mapped URL path [/v2/api-docs] onto method [springfox.documentation.swagger2.web.Swagger2Controller#getDocumentation(String, HttpServletRequest)]
2021-01-22 20:26:34,270 INFO org.apache.coyote.http11.Http11NioProtocol [restartedMain] Starting ProtocolHandler ["http-nio-8080"]
2021-01-22 20:26:34,320 INFO springfox.documentation.spring.web.plugins.DocumentationPluginsBootstrapper [restartedMain] Context refreshed
2021-01-22 20:26:34,383 INFO springfox.documentation.spring.web.plugins.DocumentationPluginsBootstrapper [restartedMain] Found 1 custom documentation plugin(s)
2021-01-22 20:26:34,595 INFO springfox.documentation.spring.web.scanners.ApiListingReferenceScanner [restartedMain] Scanning for api listing references
2021-01-22 20:26:34,963 INFO springfox.documentation.spring.web.readers.operation.CachingOperationNameGenerator [restartedMain] Generating unique operation named: exportUsingGET_1
2021-01-22 20:26:35,046 INFO springfox.documentation.spring.web.readers.operation.CachingOperationNameGenerator [restartedMain] Generating unique operation named: exportUsingGET_2
2021-01-22 20:26:35,146 INFO springfox.documentation.spring.web.readers.operation.CachingOperationNameGenerator [restartedMain] Generating unique operation named: exportUsingGET_3
2021-01-22 20:26:35,212 INFO CommonEntityApplication [restartedMain] Started CommonEntityApplication in 15.305 seconds (JVM running for 17.727)
2021-01-22 20:27:01,057 INFO org.apache.catalina.core.ContainerBase.[Tomcat].[localhost].[/] [http-nio-8080-exec-1] Initializing Spring DispatcherServlet 'dispatcherServlet'
2021-01-22 20:36:53,555 WARN com.zaxxer.hikari.pool.HikariPool [HikariPool-1 housekeeper] HikariPool-1 - Thread starvation or clock leap detected (housekeeper delta=9m54s861ms137µs500ns).
2021-01-22 20:36:54,384 INFO com.zaxxer.hikari.HikariDataSource [SpringContextShutdownHook] HikariPool-1 - Shutdown initiated...
2021-01-22 20:36:54,403 INFO com.zaxxer.hikari.HikariDataSource [SpringContextShutdownHook] HikariPool-1 - Shutdown completed.
2021-01-22 20:37:10,657 INFO CommonEntityApplication [restartedMain] Starting CommonEntityApplication using Java 11.0.9 on HDL014788 with PID 25712 (D:\java_learnings\CommonEntity\target\classes started by meenakshi_m in D:\java_learnings\CommonEntity)
2021-01-22 20:37:10,664 DEBUG CommonEntityApplication [restartedMain] Running with Spring Boot v2.4.1, Spring v5.3.2
2021-01-22 20:37:10,666 INFO CommonEntityApplication [restartedMain] No active profile set, falling back to default profiles: default
2021-01-22 20:37:15,832 INFO org.apache.coyote.http11.Http11NioProtocol [restartedMain] Initializing ProtocolHandler ["http-nio-8080"]
2021-01-22 20:37:15,833 INFO org.apache.catalina.core.StandardService [restartedMain] Starting service [Tomcat]
2021-01-22 20:37:15,834 INFO org.apache.catalina.core.StandardEngine [restartedMain] Starting Servlet engine: [Apache Tomcat/9.0.41]
2021-01-22 20:37:16,208 INFO org.apache.catalina.core.ContainerBase.[Tomcat].[localhost].[/] [restartedMain] Initializing Spring embedded WebApplicationContext
2021-01-22 20:37:16,887 INFO com.zaxxer.hikari.HikariDataSource [restartedMain] HikariPool-1 - Starting...
2021-01-22 20:37:17,349 INFO com.zaxxer.hikari.HikariDataSource [restartedMain] HikariPool-1 - Start completed.
2021-01-22 20:37:17,499 INFO org.hibernate.jpa.internal.util.LogHelper [restartedMain] HHH000204: Processing PersistenceUnitInfo [name: default]
2021-01-22 20:37:17,640 INFO org.hibernate.Version [restartedMain] HHH000412: Hibernate ORM core version 5.4.25.Final
2021-01-22 20:37:18,036 INFO org.hibernate.annotations.common.Version [restartedMain] HCANN000001: Hibernate Commons Annotations {5.1.2.Final}
2021-01-22 20:37:18,331 INFO org.hibernate.dialect.Dialect [restartedMain] HHH000400: Using dialect: org.hibernate.dialect.PostgreSQL10Dialect
2021-01-22 20:37:20,188 INFO org.hibernate.engine.transaction.jta.platform.internal.JtaPlatformInitiator [restartedMain] HHH000490: Using JtaPlatform implementation: [org.hibernate.engine.transaction.jta.platform.internal.NoJtaPlatform]
2021-01-22 20:37:22,305 INFO springfox.documentation.spring.web.PropertySourcedRequestMappingHandlerMapping [restartedMain] Mapped URL path [/v2/api-docs] onto method [springfox.documentation.swagger2.web.Swagger2Controller#getDocumentation(String, HttpServletRequest)]
2021-01-22 20:37:22,892 INFO org.apache.coyote.http11.Http11NioProtocol [restartedMain] Starting ProtocolHandler ["http-nio-8080"]
2021-01-22 20:37:22,936 INFO springfox.documentation.spring.web.plugins.DocumentationPluginsBootstrapper [restartedMain] Context refreshed
2021-01-22 20:37:23,001 INFO springfox.documentation.spring.web.plugins.DocumentationPluginsBootstrapper [restartedMain] Found 1 custom documentation plugin(s)
2021-01-22 20:37:23,119 INFO springfox.documentation.spring.web.scanners.ApiListingReferenceScanner [restartedMain] Scanning for api listing references
2021-01-22 20:37:23,481 INFO springfox.documentation.spring.web.readers.operation.CachingOperationNameGenerator [restartedMain] Generating unique operation named: exportUsingGET_1
2021-01-22 20:37:23,567 INFO springfox.documentation.spring.web.readers.operation.CachingOperationNameGenerator [restartedMain] Generating unique operation named: exportUsingGET_2
2021-01-22 20:37:23,710 INFO springfox.documentation.spring.web.readers.operation.CachingOperationNameGenerator [restartedMain] Generating unique operation named: exportUsingGET_3
2021-01-22 20:37:23,798 INFO CommonEntityApplication [restartedMain] Started CommonEntityApplication in 14.198 seconds (JVM running for 16.247)
2021-01-22 20:38:25,282 INFO org.apache.catalina.core.ContainerBase.[Tomcat].[localhost].[/] [http-nio-8080-exec-1] Initializing Spring DispatcherServlet 'dispatcherServlet'
2021-01-22 20:40:19,627 WARN com.zaxxer.hikari.pool.HikariPool [HikariPool-1 housekeeper] HikariPool-1 - Thread starvation or clock leap detected (housekeeper delta=1m32s168ms237µs500ns).
2021-01-22 20:40:20,447 INFO com.zaxxer.hikari.HikariDataSource [SpringContextShutdownHook] HikariPool-1 - Shutdown initiated...
2021-01-22 20:40:20,470 INFO com.zaxxer.hikari.HikariDataSource [SpringContextShutdownHook] HikariPool-1 - Shutdown completed.
2021-01-22 20:41:03,020 INFO CommonEntityApplication [restartedMain] Starting CommonEntityApplication using Java 11.0.9 on HDL014788 with PID 35688 (D:\java_learnings\CommonEntity\target\classes started by meenakshi_m in D:\java_learnings\CommonEntity)
2021-01-22 20:41:03,027 DEBUG CommonEntityApplication [restartedMain] Running with Spring Boot v2.4.1, Spring v5.3.2
2021-01-22 20:41:03,028 INFO CommonEntityApplication [restartedMain] No active profile set, falling back to default profiles: default
2021-01-22 20:41:08,667 INFO org.apache.coyote.http11.Http11NioProtocol [restartedMain] Initializing ProtocolHandler ["http-nio-8080"]
2021-01-22 20:41:08,669 INFO org.apache.catalina.core.StandardService [restartedMain] Starting service [Tomcat]
2021-01-22 20:41:08,670 INFO org.apache.catalina.core.StandardEngine [restartedMain] Starting Servlet engine: [Apache Tomcat/9.0.41]
2021-01-22 20:41:09,201 INFO org.apache.catalina.core.ContainerBase.[Tomcat].[localhost].[/] [restartedMain] Initializing Spring embedded WebApplicationContext
2021-01-22 20:41:10,129 INFO com.zaxxer.hikari.HikariDataSource [restartedMain] HikariPool-1 - Starting...
2021-01-22 20:41:10,790 INFO com.zaxxer.hikari.HikariDataSource [restartedMain] HikariPool-1 - Start completed.
2021-01-22 20:41:10,974 INFO org.hibernate.jpa.internal.util.LogHelper [restartedMain] HHH000204: Processing PersistenceUnitInfo [name: default]
2021-01-22 20:41:11,127 INFO org.hibernate.Version [restartedMain] HHH000412: Hibernate ORM core version 5.4.25.Final
2021-01-22 20:41:11,699 INFO org.hibernate.annotations.common.Version [restartedMain] HCANN000001: Hibernate Commons Annotations {5.1.2.Final}
2021-01-22 20:41:12,025 INFO org.hibernate.dialect.Dialect [restartedMain] HHH000400: Using dialect: org.hibernate.dialect.PostgreSQL10Dialect
2021-01-22 20:41:13,841 INFO org.hibernate.engine.transaction.jta.platform.internal.JtaPlatformInitiator [restartedMain] HHH000490: Using JtaPlatform implementation: [org.hibernate.engine.transaction.jta.platform.internal.NoJtaPlatform]
2021-01-22 20:41:16,121 INFO springfox.documentation.spring.web.PropertySourcedRequestMappingHandlerMapping [restartedMain] Mapped URL path [/v2/api-docs] onto method [springfox.documentation.swagger2.web.Swagger2Controller#getDocumentation(String, HttpServletRequest)]
2021-01-22 20:41:16,758 INFO org.apache.coyote.http11.Http11NioProtocol [restartedMain] Starting ProtocolHandler ["http-nio-8080"]
2021-01-22 20:41:16,806 INFO springfox.documentation.spring.web.plugins.DocumentationPluginsBootstrapper [restartedMain] Context refreshed
2021-01-22 20:41:16,890 INFO springfox.documentation.spring.web.plugins.DocumentationPluginsBootstrapper [restartedMain] Found 1 custom documentation plugin(s)
2021-01-22 20:41:17,063 INFO springfox.documentation.spring.web.scanners.ApiListingReferenceScanner [restartedMain] Scanning for api listing references
2021-01-22 20:41:17,499 INFO springfox.documentation.spring.web.readers.operation.CachingOperationNameGenerator [restartedMain] Generating unique operation named: exportUsingGET_1
2021-01-22 20:41:17,604 INFO springfox.documentation.spring.web.readers.operation.CachingOperationNameGenerator [restartedMain] Generating unique operation named: exportUsingGET_2
2021-01-22 20:41:17,732 INFO springfox.documentation.spring.web.readers.operation.CachingOperationNameGenerator [restartedMain] Generating unique operation named: exportUsingGET_3
2021-01-22 20:41:17,812 INFO CommonEntityApplication [restartedMain] Started CommonEntityApplication in 16.023 seconds (JVM running for 18.122)
2021-01-22 20:41:38,421 INFO org.apache.catalina.core.ContainerBase.[Tomcat].[localhost].[/] [http-nio-8080-exec-1] Initializing Spring DispatcherServlet 'dispatcherServlet'
2021-01-22 20:51:43,424 WARN com.zaxxer.hikari.pool.HikariPool [HikariPool-1 housekeeper] HikariPool-1 - Thread starvation or clock leap detected (housekeeper delta=7m30s902ms201µs900ns).
2021-01-22 20:51:47,880 ERROR org.springframework.web.servlet.HandlerExecutionChain [http-nio-8080-exec-2] HandlerInterceptor.afterCompletion threw exception
java.lang.NullPointerException: null
	at org.springframework.boot.actuate.metrics.web.servlet.LongTaskTimingHandlerInterceptor.stopLongTaskTimers(LongTaskTimingHandlerInterceptor.java:123)
	at org.springframework.boot.actuate.metrics.web.servlet.LongTaskTimingHandlerInterceptor.afterCompletion(LongTaskTimingHandlerInterceptor.java:79)
	at org.springframework.web.servlet.HandlerExecutionChain.triggerAfterCompletion(HandlerExecutionChain.java:178)
	at org.springframework.web.servlet.DispatcherServlet.triggerAfterCompletion(DispatcherServlet.java:1448)
	at org.springframework.web.servlet.DispatcherServlet.doDispatch(DispatcherServlet.java:1081)
	at org.springframework.web.servlet.DispatcherServlet.doService(DispatcherServlet.java:961)
	at org.springframework.web.servlet.FrameworkServlet.processRequest(FrameworkServlet.java:1006)
	at org.springframework.web.servlet.FrameworkServlet.doPost(FrameworkServlet.java:909)
	at javax.servlet.http.HttpServlet.service(HttpServlet.java:652)
	at org.springframework.web.servlet.FrameworkServlet.service(FrameworkServlet.java:883)
	at javax.servlet.http.HttpServlet.service(HttpServlet.java:733)
	at org.apache.catalina.core.ApplicationFilterChain.internalDoFilter(ApplicationFilterChain.java:231)
	at org.apache.catalina.core.ApplicationFilterChain.doFilter(ApplicationFilterChain.java:166)
	at org.apache.tomcat.websocket.server.WsFilter.doFilter(WsFilter.java:53)
	at org.apache.catalina.core.ApplicationFilterChain.internalDoFilter(ApplicationFilterChain.java:193)
	at org.apache.catalina.core.ApplicationFilterChain.doFilter(ApplicationFilterChain.java:166)
	at org.springframework.web.filter.RequestContextFilter.doFilterInternal(RequestContextFilter.java:100)
	at org.springframework.web.filter.OncePerRequestFilter.doFilter(OncePerRequestFilter.java:119)
	at org.apache.catalina.core.ApplicationFilterChain.internalDoFilter(ApplicationFilterChain.java:193)
	at org.apache.catalina.core.ApplicationFilterChain.doFilter(ApplicationFilterChain.java:166)
	at org.springframework.web.filter.FormContentFilter.doFilterInternal(FormContentFilter.java:93)
	at org.springframework.web.filter.OncePerRequestFilter.doFilter(OncePerRequestFilter.java:119)
	at org.apache.catalina.core.ApplicationFilterChain.internalDoFilter(ApplicationFilterChain.java:193)
	at org.apache.catalina.core.ApplicationFilterChain.doFilter(ApplicationFilterChain.java:166)
	at org.springframework.boot.actuate.metrics.web.servlet.WebMvcMetricsFilter.doFilterInternal(WebMvcMetricsFilter.java:93)
	at org.springframework.web.filter.OncePerRequestFilter.doFilter(OncePerRequestFilter.java:119)
	at org.apache.catalina.core.ApplicationFilterChain.internalDoFilter(ApplicationFilterChain.java:193)
	at org.apache.catalina.core.ApplicationFilterChain.doFilter(ApplicationFilterChain.java:166)
	at org.springframework.web.filter.CharacterEncodingFilter.doFilterInternal(CharacterEncodingFilter.java:201)
	at org.springframework.web.filter.OncePerRequestFilter.doFilter(OncePerRequestFilter.java:119)
	at org.apache.catalina.core.ApplicationFilterChain.internalDoFilter(ApplicationFilterChain.java:193)
	at org.apache.catalina.core.ApplicationFilterChain.doFilter(ApplicationFilterChain.java:166)
	at org.apache.catalina.core.StandardWrapperValve.invoke(StandardWrapperValve.java:202)
	at org.apache.catalina.core.StandardContextValve.invoke(StandardContextValve.java:97)
	at org.apache.catalina.authenticator.AuthenticatorBase.invoke(AuthenticatorBase.java:542)
	at org.apache.catalina.core.StandardHostValve.invoke(StandardHostValve.java:143)
	at org.apache.catalina.valves.ErrorReportValve.invoke(ErrorReportValve.java:92)
	at org.apache.catalina.core.StandardEngineValve.invoke(StandardEngineValve.java:78)
	at org.apache.catalina.connector.CoyoteAdapter.service(CoyoteAdapter.java:343)
	at org.apache.coyote.http11.Http11Processor.service(Http11Processor.java:374)
	at org.apache.coyote.AbstractProcessorLight.process(AbstractProcessorLight.java:65)
	at org.apache.coyote.AbstractProtocol$ConnectionHandler.process(AbstractProtocol.java:888)
	at org.apache.tomcat.util.net.NioEndpoint$SocketProcessor.doRun(NioEndpoint.java:1597)
	at org.apache.tomcat.util.net.SocketProcessorBase.run(SocketProcessorBase.java:49)
	at java.base/java.util.concurrent.ThreadPoolExecutor.runWorker(ThreadPoolExecutor.java:1128)
	at java.base/java.util.concurrent.ThreadPoolExecutor$Worker.run(ThreadPoolExecutor.java:628)
	at org.apache.tomcat.util.threads.TaskThread$WrappingRunnable.run(TaskThread.java:61)
	at java.base/java.lang.Thread.run(Thread.java:834)
2021-01-22 20:51:47,940 INFO com.zaxxer.hikari.HikariDataSource [SpringContextShutdownHook] HikariPool-1 - Shutdown initiated...
2021-01-22 20:51:47,952 INFO com.zaxxer.hikari.HikariDataSource [SpringContextShutdownHook] HikariPool-1 - Shutdown completed.
2021-01-22 20:56:07,372 INFO CommonEntityApplication [restartedMain] Starting CommonEntityApplication using Java 11.0.9 on HDL014788 with PID 30444 (D:\java_learnings\CommonEntity\target\classes started by meenakshi_m in D:\java_learnings\CommonEntity)
2021-01-22 20:56:07,378 DEBUG CommonEntityApplication [restartedMain] Running with Spring Boot v2.4.1, Spring v5.3.2
2021-01-22 20:56:07,379 INFO CommonEntityApplication [restartedMain] No active profile set, falling back to default profiles: default
2021-01-22 20:56:12,538 INFO org.apache.coyote.http11.Http11NioProtocol [restartedMain] Initializing ProtocolHandler ["http-nio-8080"]
2021-01-22 20:56:12,540 INFO org.apache.catalina.core.StandardService [restartedMain] Starting service [Tomcat]
2021-01-22 20:56:12,541 INFO org.apache.catalina.core.StandardEngine [restartedMain] Starting Servlet engine: [Apache Tomcat/9.0.41]
2021-01-22 20:56:12,922 INFO org.apache.catalina.core.ContainerBase.[Tomcat].[localhost].[/] [restartedMain] Initializing Spring embedded WebApplicationContext
2021-01-22 20:56:13,608 INFO com.zaxxer.hikari.HikariDataSource [restartedMain] HikariPool-1 - Starting...
2021-01-22 20:56:14,052 INFO com.zaxxer.hikari.HikariDataSource [restartedMain] HikariPool-1 - Start completed.
2021-01-22 20:56:14,177 INFO org.hibernate.jpa.internal.util.LogHelper [restartedMain] HHH000204: Processing PersistenceUnitInfo [name: default]
2021-01-22 20:56:14,320 INFO org.hibernate.Version [restartedMain] HHH000412: Hibernate ORM core version 5.4.25.Final
2021-01-22 20:56:14,696 INFO org.hibernate.annotations.common.Version [restartedMain] HCANN000001: Hibernate Commons Annotations {5.1.2.Final}
2021-01-22 20:56:15,003 INFO org.hibernate.dialect.Dialect [restartedMain] HHH000400: Using dialect: org.hibernate.dialect.PostgreSQL10Dialect
2021-01-22 20:56:16,823 INFO org.hibernate.engine.transaction.jta.platform.internal.JtaPlatformInitiator [restartedMain] HHH000490: Using JtaPlatform implementation: [org.hibernate.engine.transaction.jta.platform.internal.NoJtaPlatform]
2021-01-22 20:56:18,978 INFO springfox.documentation.spring.web.PropertySourcedRequestMappingHandlerMapping [restartedMain] Mapped URL path [/v2/api-docs] onto method [springfox.documentation.swagger2.web.Swagger2Controller#getDocumentation(String, HttpServletRequest)]
2021-01-22 20:56:19,565 INFO org.apache.coyote.http11.Http11NioProtocol [restartedMain] Starting ProtocolHandler ["http-nio-8080"]
2021-01-22 20:56:19,609 INFO springfox.documentation.spring.web.plugins.DocumentationPluginsBootstrapper [restartedMain] Context refreshed
2021-01-22 20:56:19,647 INFO springfox.documentation.spring.web.plugins.DocumentationPluginsBootstrapper [restartedMain] Found 1 custom documentation plugin(s)
2021-01-22 20:56:19,816 INFO springfox.documentation.spring.web.scanners.ApiListingReferenceScanner [restartedMain] Scanning for api listing references
2021-01-22 20:56:20,212 INFO springfox.documentation.spring.web.readers.operation.CachingOperationNameGenerator [restartedMain] Generating unique operation named: exportUsingGET_1
2021-01-22 20:56:20,310 INFO springfox.documentation.spring.web.readers.operation.CachingOperationNameGenerator [restartedMain] Generating unique operation named: exportUsingGET_2
2021-01-22 20:56:20,438 INFO springfox.documentation.spring.web.readers.operation.CachingOperationNameGenerator [restartedMain] Generating unique operation named: exportUsingGET_3
2021-01-22 20:56:20,511 INFO CommonEntityApplication [restartedMain] Started CommonEntityApplication in 14.224 seconds (JVM running for 16.286)
2021-01-22 20:56:36,267 INFO org.apache.catalina.core.ContainerBase.[Tomcat].[localhost].[/] [http-nio-8080-exec-1] Initializing Spring DispatcherServlet 'dispatcherServlet'
2021-01-22 20:58:02,968 WARN com.zaxxer.hikari.pool.HikariPool [HikariPool-1 housekeeper] HikariPool-1 - Thread starvation or clock leap detected (housekeeper delta=1m18s739ms561µs900ns).
2021-01-22 21:00:06,163 WARN com.zaxxer.hikari.pool.HikariPool [HikariPool-1 housekeeper] HikariPool-1 - Thread starvation or clock leap detected (housekeeper delta=2m3s194ms511µs400ns).
2021-01-22 21:00:06,855 INFO com.zaxxer.hikari.HikariDataSource [SpringContextShutdownHook] HikariPool-1 - Shutdown initiated...
2021-01-22 21:00:06,869 INFO com.zaxxer.hikari.HikariDataSource [SpringContextShutdownHook] HikariPool-1 - Shutdown completed.
2021-01-22 21:02:32,646 INFO CommonEntityApplication [restartedMain] Starting CommonEntityApplication using Java 11.0.9 on HDL014788 with PID 26320 (D:\java_learnings\CommonEntity\target\classes started by meenakshi_m in D:\java_learnings\CommonEntity)
2021-01-22 21:02:32,651 DEBUG CommonEntityApplication [restartedMain] Running with Spring Boot v2.4.1, Spring v5.3.2
2021-01-22 21:02:32,652 INFO CommonEntityApplication [restartedMain] No active profile set, falling back to default profiles: default
2021-01-22 21:02:37,794 INFO org.apache.coyote.http11.Http11NioProtocol [restartedMain] Initializing ProtocolHandler ["http-nio-8080"]
2021-01-22 21:02:37,795 INFO org.apache.catalina.core.StandardService [restartedMain] Starting service [Tomcat]
2021-01-22 21:02:37,795 INFO org.apache.catalina.core.StandardEngine [restartedMain] Starting Servlet engine: [Apache Tomcat/9.0.41]
2021-01-22 21:02:38,167 INFO org.apache.catalina.core.ContainerBase.[Tomcat].[localhost].[/] [restartedMain] Initializing Spring embedded WebApplicationContext
2021-01-22 21:02:38,790 INFO com.zaxxer.hikari.HikariDataSource [restartedMain] HikariPool-1 - Starting...
2021-01-22 21:02:39,262 INFO com.zaxxer.hikari.HikariDataSource [restartedMain] HikariPool-1 - Start completed.
2021-01-22 21:02:39,413 INFO org.hibernate.jpa.internal.util.LogHelper [restartedMain] HHH000204: Processing PersistenceUnitInfo [name: default]
2021-01-22 21:02:39,544 INFO org.hibernate.Version [restartedMain] HHH000412: Hibernate ORM core version 5.4.25.Final
2021-01-22 21:02:39,888 INFO org.hibernate.annotations.common.Version [restartedMain] HCANN000001: Hibernate Commons Annotations {5.1.2.Final}
2021-01-22 21:02:40,202 INFO org.hibernate.dialect.Dialect [restartedMain] HHH000400: Using dialect: org.hibernate.dialect.PostgreSQL10Dialect
2021-01-22 21:02:41,971 INFO org.hibernate.engine.transaction.jta.platform.internal.JtaPlatformInitiator [restartedMain] HHH000490: Using JtaPlatform implementation: [org.hibernate.engine.transaction.jta.platform.internal.NoJtaPlatform]
2021-01-22 21:02:44,283 INFO springfox.documentation.spring.web.PropertySourcedRequestMappingHandlerMapping [restartedMain] Mapped URL path [/v2/api-docs] onto method [springfox.documentation.swagger2.web.Swagger2Controller#getDocumentation(String, HttpServletRequest)]
2021-01-22 21:02:44,940 INFO org.apache.coyote.http11.Http11NioProtocol [restartedMain] Starting ProtocolHandler ["http-nio-8080"]
2021-01-22 21:02:44,987 INFO springfox.documentation.spring.web.plugins.DocumentationPluginsBootstrapper [restartedMain] Context refreshed
2021-01-22 21:02:45,025 INFO springfox.documentation.spring.web.plugins.DocumentationPluginsBootstrapper [restartedMain] Found 1 custom documentation plugin(s)
2021-01-22 21:02:45,141 INFO springfox.documentation.spring.web.scanners.ApiListingReferenceScanner [restartedMain] Scanning for api listing references
2021-01-22 21:02:45,560 INFO springfox.documentation.spring.web.readers.operation.CachingOperationNameGenerator [restartedMain] Generating unique operation named: exportUsingGET_1
2021-01-22 21:02:45,733 INFO springfox.documentation.spring.web.readers.operation.CachingOperationNameGenerator [restartedMain] Generating unique operation named: exportUsingGET_2
2021-01-22 21:02:45,850 INFO springfox.documentation.spring.web.readers.operation.CachingOperationNameGenerator [restartedMain] Generating unique operation named: exportUsingGET_3
2021-01-22 21:02:45,914 INFO CommonEntityApplication [restartedMain] Started CommonEntityApplication in 14.4 seconds (JVM running for 16.463)
2021-01-22 21:02:56,983 INFO org.apache.catalina.core.ContainerBase.[Tomcat].[localhost].[/] [http-nio-8080-exec-1] Initializing Spring DispatcherServlet 'dispatcherServlet'
2021-01-22 21:05:30,010 INFO com.zaxxer.hikari.HikariDataSource [SpringContextShutdownHook] HikariPool-1 - Shutdown initiated...
2021-01-22 21:05:30,038 INFO com.zaxxer.hikari.HikariDataSource [SpringContextShutdownHook] HikariPool-1 - Shutdown completed.
2021-01-22 21:05:41,152 INFO CommonEntityApplication [restartedMain] Starting CommonEntityApplication using Java 11.0.9 on HDL014788 with PID 33116 (D:\java_learnings\CommonEntity\target\classes started by meenakshi_m in D:\java_learnings\CommonEntity)
2021-01-22 21:05:41,158 DEBUG CommonEntityApplication [restartedMain] Running with Spring Boot v2.4.1, Spring v5.3.2
2021-01-22 21:05:41,159 INFO CommonEntityApplication [restartedMain] No active profile set, falling back to default profiles: default
2021-01-22 21:05:45,990 INFO org.apache.coyote.http11.Http11NioProtocol [restartedMain] Initializing ProtocolHandler ["http-nio-8080"]
2021-01-22 21:05:45,991 INFO org.apache.catalina.core.StandardService [restartedMain] Starting service [Tomcat]
2021-01-22 21:05:45,991 INFO org.apache.catalina.core.StandardEngine [restartedMain] Starting Servlet engine: [Apache Tomcat/9.0.41]
2021-01-22 21:05:46,352 INFO org.apache.catalina.core.ContainerBase.[Tomcat].[localhost].[/] [restartedMain] Initializing Spring embedded WebApplicationContext
2021-01-22 21:05:46,966 INFO com.zaxxer.hikari.HikariDataSource [restartedMain] HikariPool-1 - Starting...
2021-01-22 21:05:47,387 INFO com.zaxxer.hikari.HikariDataSource [restartedMain] HikariPool-1 - Start completed.
2021-01-22 21:05:47,489 INFO org.hibernate.jpa.internal.util.LogHelper [restartedMain] HHH000204: Processing PersistenceUnitInfo [name: default]
2021-01-22 21:05:47,625 INFO org.hibernate.Version [restartedMain] HHH000412: Hibernate ORM core version 5.4.25.Final
2021-01-22 21:05:47,962 INFO org.hibernate.annotations.common.Version [restartedMain] HCANN000001: Hibernate Commons Annotations {5.1.2.Final}
2021-01-22 21:05:48,250 INFO org.hibernate.dialect.Dialect [restartedMain] HHH000400: Using dialect: org.hibernate.dialect.PostgreSQL10Dialect
2021-01-22 21:05:50,100 INFO org.hibernate.engine.transaction.jta.platform.internal.JtaPlatformInitiator [restartedMain] HHH000490: Using JtaPlatform implementation: [org.hibernate.engine.transaction.jta.platform.internal.NoJtaPlatform]
2021-01-22 21:05:52,308 INFO springfox.documentation.spring.web.PropertySourcedRequestMappingHandlerMapping [restartedMain] Mapped URL path [/v2/api-docs] onto method [springfox.documentation.swagger2.web.Swagger2Controller#getDocumentation(String, HttpServletRequest)]
2021-01-22 21:05:52,896 INFO org.apache.coyote.http11.Http11NioProtocol [restartedMain] Starting ProtocolHandler ["http-nio-8080"]
2021-01-22 21:05:52,937 INFO springfox.documentation.spring.web.plugins.DocumentationPluginsBootstrapper [restartedMain] Context refreshed
2021-01-22 21:05:52,971 INFO springfox.documentation.spring.web.plugins.DocumentationPluginsBootstrapper [restartedMain] Found 1 custom documentation plugin(s)
2021-01-22 21:05:53,093 INFO springfox.documentation.spring.web.scanners.ApiListingReferenceScanner [restartedMain] Scanning for api listing references
2021-01-22 21:05:53,446 INFO springfox.documentation.spring.web.readers.operation.CachingOperationNameGenerator [restartedMain] Generating unique operation named: exportUsingGET_1
2021-01-22 21:05:53,539 INFO springfox.documentation.spring.web.readers.operation.CachingOperationNameGenerator [restartedMain] Generating unique operation named: exportUsingGET_2
2021-01-22 21:05:53,653 INFO springfox.documentation.spring.web.readers.operation.CachingOperationNameGenerator [restartedMain] Generating unique operation named: exportUsingGET_3
2021-01-22 21:05:53,741 INFO CommonEntityApplication [restartedMain] Started CommonEntityApplication in 13.592 seconds (JVM running for 15.723)
2021-01-22 21:07:29,110 INFO org.apache.catalina.core.ContainerBase.[Tomcat].[localhost].[/] [http-nio-8080-exec-1] Initializing Spring DispatcherServlet 'dispatcherServlet'
2021-01-22 21:12:07,417 INFO com.zaxxer.hikari.HikariDataSource [SpringContextShutdownHook] HikariPool-1 - Shutdown initiated...
2021-01-22 21:12:07,431 INFO com.zaxxer.hikari.HikariDataSource [SpringContextShutdownHook] HikariPool-1 - Shutdown completed.
2021-01-22 21:12:19,008 INFO CommonEntityApplication [restartedMain] Starting CommonEntityApplication using Java 11.0.9 on HDL014788 with PID 11720 (D:\java_learnings\CommonEntity\target\classes started by meenakshi_m in D:\java_learnings\CommonEntity)
2021-01-22 21:12:19,014 DEBUG CommonEntityApplication [restartedMain] Running with Spring Boot v2.4.1, Spring v5.3.2
2021-01-22 21:12:19,016 INFO CommonEntityApplication [restartedMain] No active profile set, falling back to default profiles: default
2021-01-22 21:12:24,031 INFO org.apache.coyote.http11.Http11NioProtocol [restartedMain] Initializing ProtocolHandler ["http-nio-8080"]
2021-01-22 21:12:24,032 INFO org.apache.catalina.core.StandardService [restartedMain] Starting service [Tomcat]
2021-01-22 21:12:24,032 INFO org.apache.catalina.core.StandardEngine [restartedMain] Starting Servlet engine: [Apache Tomcat/9.0.41]
2021-01-22 21:12:24,375 INFO org.apache.catalina.core.ContainerBase.[Tomcat].[localhost].[/] [restartedMain] Initializing Spring embedded WebApplicationContext
2021-01-22 21:12:24,990 INFO com.zaxxer.hikari.HikariDataSource [restartedMain] HikariPool-1 - Starting...
2021-01-22 21:12:25,418 INFO com.zaxxer.hikari.HikariDataSource [restartedMain] HikariPool-1 - Start completed.
2021-01-22 21:12:25,535 INFO org.hibernate.jpa.internal.util.LogHelper [restartedMain] HHH000204: Processing PersistenceUnitInfo [name: default]
2021-01-22 21:12:25,691 INFO org.hibernate.Version [restartedMain] HHH000412: Hibernate ORM core version 5.4.25.Final
2021-01-22 21:12:26,020 INFO org.hibernate.annotations.common.Version [restartedMain] HCANN000001: Hibernate Commons Annotations {5.1.2.Final}
2021-01-22 21:12:26,298 INFO org.hibernate.dialect.Dialect [restartedMain] HHH000400: Using dialect: org.hibernate.dialect.PostgreSQL10Dialect
2021-01-22 21:12:28,016 INFO org.hibernate.engine.transaction.jta.platform.internal.JtaPlatformInitiator [restartedMain] HHH000490: Using JtaPlatform implementation: [org.hibernate.engine.transaction.jta.platform.internal.NoJtaPlatform]
2021-01-22 21:12:30,223 INFO springfox.documentation.spring.web.PropertySourcedRequestMappingHandlerMapping [restartedMain] Mapped URL path [/v2/api-docs] onto method [springfox.documentation.swagger2.web.Swagger2Controller#getDocumentation(String, HttpServletRequest)]
2021-01-22 21:12:30,816 INFO org.apache.coyote.http11.Http11NioProtocol [restartedMain] Starting ProtocolHandler ["http-nio-8080"]
2021-01-22 21:12:30,867 INFO springfox.documentation.spring.web.plugins.DocumentationPluginsBootstrapper [restartedMain] Context refreshed
2021-01-22 21:12:30,903 INFO springfox.documentation.spring.web.plugins.DocumentationPluginsBootstrapper [restartedMain] Found 1 custom documentation plugin(s)
2021-01-22 21:12:31,024 INFO springfox.documentation.spring.web.scanners.ApiListingReferenceScanner [restartedMain] Scanning for api listing references
2021-01-22 21:12:31,403 INFO springfox.documentation.spring.web.readers.operation.CachingOperationNameGenerator [restartedMain] Generating unique operation named: exportUsingGET_1
2021-01-22 21:12:31,501 INFO springfox.documentation.spring.web.readers.operation.CachingOperationNameGenerator [restartedMain] Generating unique operation named: exportUsingGET_2
2021-01-22 21:12:31,616 INFO springfox.documentation.spring.web.readers.operation.CachingOperationNameGenerator [restartedMain] Generating unique operation named: exportUsingGET_3
2021-01-22 21:12:31,675 INFO CommonEntityApplication [restartedMain] Started CommonEntityApplication in 13.717 seconds (JVM running for 15.737)
2021-01-22 21:12:47,082 INFO org.apache.catalina.core.ContainerBase.[Tomcat].[localhost].[/] [http-nio-8080-exec-1] Initializing Spring DispatcherServlet 'dispatcherServlet'
2021-01-22 21:17:59,584 INFO com.zaxxer.hikari.HikariDataSource [SpringContextShutdownHook] HikariPool-1 - Shutdown initiated...
2021-01-22 21:17:59,597 INFO com.zaxxer.hikari.HikariDataSource [SpringContextShutdownHook] HikariPool-1 - Shutdown completed.
2021-01-22 21:18:10,074 INFO CommonEntityApplication [restartedMain] Starting CommonEntityApplication using Java 11.0.9 on HDL014788 with PID 31776 (D:\java_learnings\CommonEntity\target\classes started by meenakshi_m in D:\java_learnings\CommonEntity)
2021-01-22 21:18:10,080 DEBUG CommonEntityApplication [restartedMain] Running with Spring Boot v2.4.1, Spring v5.3.2
2021-01-22 21:18:10,081 INFO CommonEntityApplication [restartedMain] No active profile set, falling back to default profiles: default
2021-01-22 21:18:15,043 INFO org.apache.coyote.http11.Http11NioProtocol [restartedMain] Initializing ProtocolHandler ["http-nio-8080"]
2021-01-22 21:18:15,044 INFO org.apache.catalina.core.StandardService [restartedMain] Starting service [Tomcat]
2021-01-22 21:18:15,045 INFO org.apache.catalina.core.StandardEngine [restartedMain] Starting Servlet engine: [Apache Tomcat/9.0.41]
2021-01-22 21:18:15,407 INFO org.apache.catalina.core.ContainerBase.[Tomcat].[localhost].[/] [restartedMain] Initializing Spring embedded WebApplicationContext
2021-01-22 21:18:16,049 INFO com.zaxxer.hikari.HikariDataSource [restartedMain] HikariPool-1 - Starting...
2021-01-22 21:18:16,457 INFO com.zaxxer.hikari.HikariDataSource [restartedMain] HikariPool-1 - Start completed.
2021-01-22 21:18:16,553 INFO org.hibernate.jpa.internal.util.LogHelper [restartedMain] HHH000204: Processing PersistenceUnitInfo [name: default]
2021-01-22 21:18:16,673 INFO org.hibernate.Version [restartedMain] HHH000412: Hibernate ORM core version 5.4.25.Final
2021-01-22 21:18:16,968 INFO org.hibernate.annotations.common.Version [restartedMain] HCANN000001: Hibernate Commons Annotations {5.1.2.Final}
2021-01-22 21:18:17,242 INFO org.hibernate.dialect.Dialect [restartedMain] HHH000400: Using dialect: org.hibernate.dialect.PostgreSQL10Dialect
2021-01-22 21:18:19,004 INFO org.hibernate.engine.transaction.jta.platform.internal.JtaPlatformInitiator [restartedMain] HHH000490: Using JtaPlatform implementation: [org.hibernate.engine.transaction.jta.platform.internal.NoJtaPlatform]
2021-01-22 21:18:21,441 INFO springfox.documentation.spring.web.PropertySourcedRequestMappingHandlerMapping [restartedMain] Mapped URL path [/v2/api-docs] onto method [springfox.documentation.swagger2.web.Swagger2Controller#getDocumentation(String, HttpServletRequest)]
2021-01-22 21:18:22,327 INFO org.apache.coyote.http11.Http11NioProtocol [restartedMain] Starting ProtocolHandler ["http-nio-8080"]
2021-01-22 21:18:22,418 INFO springfox.documentation.spring.web.plugins.DocumentationPluginsBootstrapper [restartedMain] Context refreshed
2021-01-22 21:18:22,552 INFO springfox.documentation.spring.web.plugins.DocumentationPluginsBootstrapper [restartedMain] Found 1 custom documentation plugin(s)
2021-01-22 21:18:22,736 INFO springfox.documentation.spring.web.scanners.ApiListingReferenceScanner [restartedMain] Scanning for api listing references
2021-01-22 21:18:23,277 INFO springfox.documentation.spring.web.readers.operation.CachingOperationNameGenerator [restartedMain] Generating unique operation named: exportUsingGET_1
2021-01-22 21:18:23,454 INFO springfox.documentation.spring.web.readers.operation.CachingOperationNameGenerator [restartedMain] Generating unique operation named: exportUsingGET_2
2021-01-22 21:18:23,644 INFO springfox.documentation.spring.web.readers.operation.CachingOperationNameGenerator [restartedMain] Generating unique operation named: exportUsingGET_3
2021-01-22 21:18:23,732 INFO CommonEntityApplication [restartedMain] Started CommonEntityApplication in 14.769 seconds (JVM running for 16.789)
2021-01-22 21:18:35,941 INFO org.apache.catalina.core.ContainerBase.[Tomcat].[localhost].[/] [http-nio-8080-exec-1] Initializing Spring DispatcherServlet 'dispatcherServlet'
2021-01-22 21:19:09,630 INFO com.zaxxer.hikari.HikariDataSource [SpringContextShutdownHook] HikariPool-1 - Shutdown initiated...
2021-01-22 21:19:09,644 INFO com.zaxxer.hikari.HikariDataSource [SpringContextShutdownHook] HikariPool-1 - Shutdown completed.
2021-01-22 21:19:36,052 INFO CommonEntityApplication [restartedMain] Starting CommonEntityApplication using Java 11.0.9 on HDL014788 with PID 36640 (D:\java_learnings\CommonEntity\target\classes started by meenakshi_m in D:\java_learnings\CommonEntity)
2021-01-22 21:19:36,057 DEBUG CommonEntityApplication [restartedMain] Running with Spring Boot v2.4.1, Spring v5.3.2
2021-01-22 21:19:36,058 INFO CommonEntityApplication [restartedMain] No active profile set, falling back to default profiles: default
2021-01-22 21:19:41,065 INFO org.apache.coyote.http11.Http11NioProtocol [restartedMain] Initializing ProtocolHandler ["http-nio-8080"]
2021-01-22 21:19:41,066 INFO org.apache.catalina.core.StandardService [restartedMain] Starting service [Tomcat]
2021-01-22 21:19:41,066 INFO org.apache.catalina.core.StandardEngine [restartedMain] Starting Servlet engine: [Apache Tomcat/9.0.41]
2021-01-22 21:19:41,416 INFO org.apache.catalina.core.ContainerBase.[Tomcat].[localhost].[/] [restartedMain] Initializing Spring embedded WebApplicationContext
2021-01-22 21:19:42,045 INFO com.zaxxer.hikari.HikariDataSource [restartedMain] HikariPool-1 - Starting...
2021-01-22 21:19:42,534 INFO com.zaxxer.hikari.HikariDataSource [restartedMain] HikariPool-1 - Start completed.
2021-01-22 21:19:42,639 INFO org.hibernate.jpa.internal.util.LogHelper [restartedMain] HHH000204: Processing PersistenceUnitInfo [name: default]
2021-01-22 21:19:42,762 INFO org.hibernate.Version [restartedMain] HHH000412: Hibernate ORM core version 5.4.25.Final
2021-01-22 21:19:43,076 INFO org.hibernate.annotations.common.Version [restartedMain] HCANN000001: Hibernate Commons Annotations {5.1.2.Final}
2021-01-22 21:19:43,412 INFO org.hibernate.dialect.Dialect [restartedMain] HHH000400: Using dialect: org.hibernate.dialect.PostgreSQL10Dialect
2021-01-22 21:19:46,139 INFO org.hibernate.engine.transaction.jta.platform.internal.JtaPlatformInitiator [restartedMain] HHH000490: Using JtaPlatform implementation: [org.hibernate.engine.transaction.jta.platform.internal.NoJtaPlatform]
2021-01-22 21:19:48,369 INFO springfox.documentation.spring.web.PropertySourcedRequestMappingHandlerMapping [restartedMain] Mapped URL path [/v2/api-docs] onto method [springfox.documentation.swagger2.web.Swagger2Controller#getDocumentation(String, HttpServletRequest)]
2021-01-22 21:19:48,973 INFO org.apache.coyote.http11.Http11NioProtocol [restartedMain] Starting ProtocolHandler ["http-nio-8080"]
2021-01-22 21:19:49,084 INFO springfox.documentation.spring.web.plugins.DocumentationPluginsBootstrapper [restartedMain] Context refreshed
2021-01-22 21:19:49,114 INFO springfox.documentation.spring.web.plugins.DocumentationPluginsBootstrapper [restartedMain] Found 1 custom documentation plugin(s)
2021-01-22 21:19:49,257 INFO springfox.documentation.spring.web.scanners.ApiListingReferenceScanner [restartedMain] Scanning for api listing references
2021-01-22 21:19:49,611 INFO springfox.documentation.spring.web.readers.operation.CachingOperationNameGenerator [restartedMain] Generating unique operation named: exportUsingGET_1
2021-01-22 21:19:49,735 INFO springfox.documentation.spring.web.readers.operation.CachingOperationNameGenerator [restartedMain] Generating unique operation named: exportUsingGET_2
2021-01-22 21:19:49,853 INFO springfox.documentation.spring.web.readers.operation.CachingOperationNameGenerator [restartedMain] Generating unique operation named: exportUsingGET_3
2021-01-22 21:19:49,929 INFO CommonEntityApplication [restartedMain] Started CommonEntityApplication in 14.943 seconds (JVM running for 17.039)
2021-01-22 21:20:03,238 INFO org.apache.catalina.core.ContainerBase.[Tomcat].[localhost].[/] [http-nio-8080-exec-1] Initializing Spring DispatcherServlet 'dispatcherServlet'
