2021-01-19 00:40:40,535 WARN com.zaxxer.hikari.pool.HikariPool [HikariPool-1 housekeeper] HikariPool-1 - Thread starvation or clock leap detected (housekeeper delta=29m14s639ms440µs500ns).
2021-01-19 01:35:41,424 INFO com.zaxxer.hikari.HikariDataSource [SpringContextShutdownHook] HikariPool-1 - Shutdown initiated...
2021-01-19 01:35:41,436 INFO com.zaxxer.hikari.HikariDataSource [SpringContextShutdownHook] HikariPool-1 - Shutdown completed.
2021-01-19 01:35:47,325 INFO CommonEntityApplication [restartedMain] Starting CommonEntityApplication using Java 11.0.9 on HDL014788 with PID 16644 (D:\java_learnings\CommonEntity\target\classes started by meenakshi_m in D:\java_learnings\CommonEntity)
2021-01-19 01:35:47,329 DEBUG CommonEntityApplication [restartedMain] Running with Spring Boot v2.4.1, Spring v5.3.2
2021-01-19 01:35:47,334 INFO CommonEntityApplication [restartedMain] No active profile set, falling back to default profiles: default
2021-01-19 01:35:50,919 INFO org.apache.coyote.http11.Http11NioProtocol [restartedMain] Initializing ProtocolHandler ["http-nio-8080"]
2021-01-19 01:35:50,920 INFO org.apache.catalina.core.StandardService [restartedMain] Starting service [Tomcat]
2021-01-19 01:35:50,920 INFO org.apache.catalina.core.StandardEngine [restartedMain] Starting Servlet engine: [Apache Tomcat/9.0.41]
2021-01-19 01:35:51,196 INFO org.apache.catalina.core.ContainerBase.[Tomcat].[localhost].[/] [restartedMain] Initializing Spring embedded WebApplicationContext
2021-01-19 01:35:51,683 INFO com.zaxxer.hikari.HikariDataSource [restartedMain] HikariPool-1 - Starting...
2021-01-19 01:35:52,034 INFO com.zaxxer.hikari.HikariDataSource [restartedMain] HikariPool-1 - Start completed.
2021-01-19 01:35:52,166 INFO org.hibernate.jpa.internal.util.LogHelper [restartedMain] HHH000204: Processing PersistenceUnitInfo [name: default]
2021-01-19 01:35:52,266 INFO org.hibernate.Version [restartedMain] HHH000412: Hibernate ORM core version 5.4.25.Final
2021-01-19 01:35:52,453 INFO org.hibernate.annotations.common.Version [restartedMain] HCANN000001: Hibernate Commons Annotations {5.1.2.Final}
2021-01-19 01:35:52,625 INFO org.hibernate.dialect.Dialect [restartedMain] HHH000400: Using dialect: org.hibernate.dialect.PostgreSQL10Dialect
2021-01-19 01:35:53,667 INFO org.hibernate.engine.transaction.jta.platform.internal.JtaPlatformInitiator [restartedMain] HHH000490: Using JtaPlatform implementation: [org.hibernate.engine.transaction.jta.platform.internal.NoJtaPlatform]
2021-01-19 01:35:55,165 INFO springfox.documentation.spring.web.PropertySourcedRequestMappingHandlerMapping [restartedMain] Mapped URL path [/v2/api-docs] onto method [springfox.documentation.swagger2.web.Swagger2Controller#getDocumentation(String, HttpServletRequest)]
2021-01-19 01:35:55,655 INFO org.apache.coyote.http11.Http11NioProtocol [restartedMain] Starting ProtocolHandler ["http-nio-8080"]
2021-01-19 01:35:55,691 INFO springfox.documentation.spring.web.plugins.DocumentationPluginsBootstrapper [restartedMain] Context refreshed
2021-01-19 01:35:55,715 INFO springfox.documentation.spring.web.plugins.DocumentationPluginsBootstrapper [restartedMain] Found 1 custom documentation plugin(s)
2021-01-19 01:35:55,822 INFO springfox.documentation.spring.web.scanners.ApiListingReferenceScanner [restartedMain] Scanning for api listing references
2021-01-19 01:35:56,103 INFO springfox.documentation.spring.web.readers.operation.CachingOperationNameGenerator [restartedMain] Generating unique operation named: exportUsingGET_1
2021-01-19 01:35:56,196 INFO springfox.documentation.spring.web.readers.operation.CachingOperationNameGenerator [restartedMain] Generating unique operation named: exportUsingGET_2
2021-01-19 01:35:56,283 INFO springfox.documentation.spring.web.readers.operation.CachingOperationNameGenerator [restartedMain] Generating unique operation named: exportUsingGET_3
2021-01-19 01:35:56,332 INFO CommonEntityApplication [restartedMain] Started CommonEntityApplication in 9.721 seconds (JVM running for 10.98)
2021-01-19 01:36:15,486 INFO org.apache.catalina.core.ContainerBase.[Tomcat].[localhost].[/] [http-nio-8080-exec-2] Initializing Spring DispatcherServlet 'dispatcherServlet'
2021-01-19 01:38:39,967 WARN com.zaxxer.hikari.pool.HikariPool [HikariPool-1 housekeeper] HikariPool-1 - Thread starvation or clock leap detected (housekeeper delta=1m17s828ms98µs800ns).
2021-01-19 04:44:08,306 WARN com.zaxxer.hikari.pool.HikariPool [HikariPool-1 housekeeper] HikariPool-1 - Thread starvation or clock leap detected (housekeeper delta=3h28s342ms134µs300ns).
2021-01-19 07:11:09,219 WARN com.zaxxer.hikari.pool.HikariPool [HikariPool-1 housekeeper] HikariPool-1 - Thread starvation or clock leap detected (housekeeper delta=2h27m1s164ms232µs700ns).
2021-01-19 07:26:56,690 INFO com.zaxxer.hikari.HikariDataSource [SpringContextShutdownHook] HikariPool-1 - Shutdown initiated...
2021-01-19 07:26:56,708 INFO com.zaxxer.hikari.HikariDataSource [SpringContextShutdownHook] HikariPool-1 - Shutdown completed.
2021-01-19 07:27:08,059 INFO CommonEntityApplication [restartedMain] Starting CommonEntityApplication using Java 11.0.9 on HDL014788 with PID 3192 (D:\java_learnings\CommonEntity\target\classes started by meenakshi_m in D:\java_learnings\CommonEntity)
2021-01-19 07:27:08,065 DEBUG CommonEntityApplication [restartedMain] Running with Spring Boot v2.4.1, Spring v5.3.2
2021-01-19 07:27:08,066 INFO CommonEntityApplication [restartedMain] No active profile set, falling back to default profiles: default
2021-01-19 07:27:15,503 INFO org.apache.coyote.http11.Http11NioProtocol [restartedMain] Initializing ProtocolHandler ["http-nio-8080"]
2021-01-19 07:27:15,504 INFO org.apache.catalina.core.StandardService [restartedMain] Starting service [Tomcat]
2021-01-19 07:27:15,505 INFO org.apache.catalina.core.StandardEngine [restartedMain] Starting Servlet engine: [Apache Tomcat/9.0.41]
2021-01-19 07:27:15,999 INFO org.apache.catalina.core.ContainerBase.[Tomcat].[localhost].[/] [restartedMain] Initializing Spring embedded WebApplicationContext
2021-01-19 07:27:16,992 INFO com.zaxxer.hikari.HikariDataSource [restartedMain] HikariPool-1 - Starting...
2021-01-19 07:27:17,848 INFO com.zaxxer.hikari.HikariDataSource [restartedMain] HikariPool-1 - Start completed.
2021-01-19 07:27:18,024 INFO org.hibernate.jpa.internal.util.LogHelper [restartedMain] HHH000204: Processing PersistenceUnitInfo [name: default]
2021-01-19 07:27:18,195 INFO org.hibernate.Version [restartedMain] HHH000412: Hibernate ORM core version 5.4.25.Final
2021-01-19 07:27:18,711 INFO org.hibernate.annotations.common.Version [restartedMain] HCANN000001: Hibernate Commons Annotations {5.1.2.Final}
2021-01-19 07:27:19,151 INFO org.hibernate.dialect.Dialect [restartedMain] HHH000400: Using dialect: org.hibernate.dialect.PostgreSQL10Dialect
2021-01-19 07:27:21,557 INFO org.hibernate.engine.transaction.jta.platform.internal.JtaPlatformInitiator [restartedMain] HHH000490: Using JtaPlatform implementation: [org.hibernate.engine.transaction.jta.platform.internal.NoJtaPlatform]
2021-01-19 07:27:23,760 INFO springfox.documentation.spring.web.PropertySourcedRequestMappingHandlerMapping [restartedMain] Mapped URL path [/v2/api-docs] onto method [springfox.documentation.swagger2.web.Swagger2Controller#getDocumentation(String, HttpServletRequest)]
2021-01-19 07:27:24,333 INFO org.apache.coyote.http11.Http11NioProtocol [restartedMain] Starting ProtocolHandler ["http-nio-8080"]
2021-01-19 07:27:24,373 INFO springfox.documentation.spring.web.plugins.DocumentationPluginsBootstrapper [restartedMain] Context refreshed
2021-01-19 07:27:24,430 INFO springfox.documentation.spring.web.plugins.DocumentationPluginsBootstrapper [restartedMain] Found 1 custom documentation plugin(s)
2021-01-19 07:27:24,564 INFO springfox.documentation.spring.web.scanners.ApiListingReferenceScanner [restartedMain] Scanning for api listing references
2021-01-19 07:27:24,944 INFO springfox.documentation.spring.web.readers.operation.CachingOperationNameGenerator [restartedMain] Generating unique operation named: exportUsingGET_1
2021-01-19 07:27:25,042 INFO springfox.documentation.spring.web.readers.operation.CachingOperationNameGenerator [restartedMain] Generating unique operation named: exportUsingGET_2
2021-01-19 07:27:25,170 INFO springfox.documentation.spring.web.readers.operation.CachingOperationNameGenerator [restartedMain] Generating unique operation named: exportUsingGET_3
2021-01-19 07:27:25,247 INFO CommonEntityApplication [restartedMain] Started CommonEntityApplication in 18.531 seconds (JVM running for 21.249)
2021-01-19 07:27:29,579 INFO org.apache.catalina.core.ContainerBase.[Tomcat].[localhost].[/] [http-nio-8080-exec-1] Initializing Spring DispatcherServlet 'dispatcherServlet'
2021-01-19 07:29:40,456 WARN com.zaxxer.hikari.pool.HikariPool [HikariPool-1 housekeeper] HikariPool-1 - Thread starvation or clock leap detected (housekeeper delta=2m22s506ms880µs700ns).
2021-01-19 08:11:50,096 WARN com.zaxxer.hikari.pool.HikariPool [HikariPool-1 housekeeper] HikariPool-1 - Thread starvation or clock leap detected (housekeeper delta=42m9s639ms486µs500ns).
2021-01-19 08:11:51,928 INFO com.zaxxer.hikari.HikariDataSource [SpringContextShutdownHook] HikariPool-1 - Shutdown initiated...
2021-01-19 08:11:51,942 INFO com.zaxxer.hikari.HikariDataSource [SpringContextShutdownHook] HikariPool-1 - Shutdown completed.
2021-01-19 12:01:54,343 INFO CommonEntityApplication [restartedMain] Starting CommonEntityApplication using Java 11.0.9 on HDL014788 with PID 11528 (D:\java_learnings\CommonEntity\target\classes started by meenakshi_m in D:\java_learnings\CommonEntity)
2021-01-19 12:01:54,349 DEBUG CommonEntityApplication [restartedMain] Running with Spring Boot v2.4.1, Spring v5.3.2
2021-01-19 12:01:54,350 INFO CommonEntityApplication [restartedMain] No active profile set, falling back to default profiles: default
2021-01-19 12:02:04,644 INFO org.apache.coyote.http11.Http11NioProtocol [restartedMain] Initializing ProtocolHandler ["http-nio-8080"]
2021-01-19 12:02:04,646 INFO org.apache.catalina.core.StandardService [restartedMain] Starting service [Tomcat]
2021-01-19 12:02:04,647 INFO org.apache.catalina.core.StandardEngine [restartedMain] Starting Servlet engine: [Apache Tomcat/9.0.41]
2021-01-19 12:02:05,117 INFO org.apache.catalina.core.ContainerBase.[Tomcat].[localhost].[/] [restartedMain] Initializing Spring embedded WebApplicationContext
2021-01-19 12:02:06,012 INFO com.zaxxer.hikari.HikariDataSource [restartedMain] HikariPool-1 - Starting...
2021-01-19 12:02:06,673 INFO com.zaxxer.hikari.HikariDataSource [restartedMain] HikariPool-1 - Start completed.
2021-01-19 12:02:06,814 INFO org.hibernate.jpa.internal.util.LogHelper [restartedMain] HHH000204: Processing PersistenceUnitInfo [name: default]
2021-01-19 12:02:06,980 INFO org.hibernate.Version [restartedMain] HHH000412: Hibernate ORM core version 5.4.25.Final
2021-01-19 12:02:07,483 INFO org.hibernate.annotations.common.Version [restartedMain] HCANN000001: Hibernate Commons Annotations {5.1.2.Final}
2021-01-19 12:02:07,782 INFO org.hibernate.dialect.Dialect [restartedMain] HHH000400: Using dialect: org.hibernate.dialect.PostgreSQL10Dialect
2021-01-19 12:02:09,854 INFO org.hibernate.engine.transaction.jta.platform.internal.JtaPlatformInitiator [restartedMain] HHH000490: Using JtaPlatform implementation: [org.hibernate.engine.transaction.jta.platform.internal.NoJtaPlatform]
2021-01-19 12:02:12,529 INFO springfox.documentation.spring.web.PropertySourcedRequestMappingHandlerMapping [restartedMain] Mapped URL path [/v2/api-docs] onto method [springfox.documentation.swagger2.web.Swagger2Controller#getDocumentation(String, HttpServletRequest)]
2021-01-19 12:02:13,383 INFO org.apache.coyote.http11.Http11NioProtocol [restartedMain] Starting ProtocolHandler ["http-nio-8080"]
2021-01-19 12:02:13,442 INFO springfox.documentation.spring.web.plugins.DocumentationPluginsBootstrapper [restartedMain] Context refreshed
2021-01-19 12:02:13,492 INFO springfox.documentation.spring.web.plugins.DocumentationPluginsBootstrapper [restartedMain] Found 1 custom documentation plugin(s)
2021-01-19 12:02:13,716 INFO springfox.documentation.spring.web.scanners.ApiListingReferenceScanner [restartedMain] Scanning for api listing references
2021-01-19 12:02:14,220 INFO springfox.documentation.spring.web.readers.operation.CachingOperationNameGenerator [restartedMain] Generating unique operation named: exportUsingGET_1
2021-01-19 12:02:14,345 INFO springfox.documentation.spring.web.readers.operation.CachingOperationNameGenerator [restartedMain] Generating unique operation named: exportUsingGET_2
2021-01-19 12:02:14,467 INFO springfox.documentation.spring.web.readers.operation.CachingOperationNameGenerator [restartedMain] Generating unique operation named: exportUsingGET_3
2021-01-19 12:02:14,557 INFO CommonEntityApplication [restartedMain] Started CommonEntityApplication in 21.336 seconds (JVM running for 23.488)
2021-01-19 12:03:01,710 INFO org.apache.catalina.core.ContainerBase.[Tomcat].[localhost].[/] [http-nio-8080-exec-1] Initializing Spring DispatcherServlet 'dispatcherServlet'
2021-01-19 12:07:23,869 WARN com.zaxxer.hikari.pool.HikariPool [HikariPool-1 housekeeper] HikariPool-1 - Thread starvation or clock leap detected (housekeeper delta=2m47s90ms676µs).
2021-01-19 12:35:25,175 INFO com.zaxxer.hikari.HikariDataSource [SpringContextShutdownHook] HikariPool-1 - Shutdown initiated...
2021-01-19 12:35:25,190 INFO com.zaxxer.hikari.HikariDataSource [SpringContextShutdownHook] HikariPool-1 - Shutdown completed.
2021-01-19 12:35:36,979 INFO CommonEntityApplication [restartedMain] Starting CommonEntityApplication using Java 11.0.9 on HDL014788 with PID 24388 (D:\java_learnings\CommonEntity\target\classes started by meenakshi_m in D:\java_learnings\CommonEntity)
2021-01-19 12:35:36,986 DEBUG CommonEntityApplication [restartedMain] Running with Spring Boot v2.4.1, Spring v5.3.2
2021-01-19 12:35:36,987 INFO CommonEntityApplication [restartedMain] No active profile set, falling back to default profiles: default
2021-01-19 12:35:44,467 INFO org.apache.coyote.http11.Http11NioProtocol [restartedMain] Initializing ProtocolHandler ["http-nio-8080"]
2021-01-19 12:35:44,468 INFO org.apache.catalina.core.StandardService [restartedMain] Starting service [Tomcat]
2021-01-19 12:35:44,469 INFO org.apache.catalina.core.StandardEngine [restartedMain] Starting Servlet engine: [Apache Tomcat/9.0.41]
2021-01-19 12:35:44,979 INFO org.apache.catalina.core.ContainerBase.[Tomcat].[localhost].[/] [restartedMain] Initializing Spring embedded WebApplicationContext
2021-01-19 12:35:45,944 INFO com.zaxxer.hikari.HikariDataSource [restartedMain] HikariPool-1 - Starting...
2021-01-19 12:35:46,580 INFO com.zaxxer.hikari.HikariDataSource [restartedMain] HikariPool-1 - Start completed.
2021-01-19 12:35:46,749 INFO org.hibernate.jpa.internal.util.LogHelper [restartedMain] HHH000204: Processing PersistenceUnitInfo [name: default]
2021-01-19 12:35:46,912 INFO org.hibernate.Version [restartedMain] HHH000412: Hibernate ORM core version 5.4.25.Final
2021-01-19 12:35:47,339 INFO org.hibernate.annotations.common.Version [restartedMain] HCANN000001: Hibernate Commons Annotations {5.1.2.Final}
2021-01-19 12:35:47,751 INFO org.hibernate.dialect.Dialect [restartedMain] HHH000400: Using dialect: org.hibernate.dialect.PostgreSQL10Dialect
2021-01-19 12:35:50,452 INFO org.hibernate.engine.transaction.jta.platform.internal.JtaPlatformInitiator [restartedMain] HHH000490: Using JtaPlatform implementation: [org.hibernate.engine.transaction.jta.platform.internal.NoJtaPlatform]
2021-01-19 12:35:53,333 INFO springfox.documentation.spring.web.PropertySourcedRequestMappingHandlerMapping [restartedMain] Mapped URL path [/v2/api-docs] onto method [springfox.documentation.swagger2.web.Swagger2Controller#getDocumentation(String, HttpServletRequest)]
2021-01-19 12:35:54,171 INFO org.apache.coyote.http11.Http11NioProtocol [restartedMain] Starting ProtocolHandler ["http-nio-8080"]
2021-01-19 12:35:54,233 INFO springfox.documentation.spring.web.plugins.DocumentationPluginsBootstrapper [restartedMain] Context refreshed
2021-01-19 12:35:54,441 INFO springfox.documentation.spring.web.plugins.DocumentationPluginsBootstrapper [restartedMain] Found 1 custom documentation plugin(s)
2021-01-19 12:35:54,641 INFO springfox.documentation.spring.web.scanners.ApiListingReferenceScanner [restartedMain] Scanning for api listing references
2021-01-19 12:35:55,160 INFO springfox.documentation.spring.web.readers.operation.CachingOperationNameGenerator [restartedMain] Generating unique operation named: exportUsingGET_1
2021-01-19 12:35:55,297 INFO springfox.documentation.spring.web.readers.operation.CachingOperationNameGenerator [restartedMain] Generating unique operation named: exportUsingGET_2
2021-01-19 12:35:55,486 INFO springfox.documentation.spring.web.readers.operation.CachingOperationNameGenerator [restartedMain] Generating unique operation named: exportUsingGET_3
2021-01-19 12:35:55,592 INFO CommonEntityApplication [restartedMain] Started CommonEntityApplication in 20.031 seconds (JVM running for 22.895)
2021-01-19 12:36:52,175 INFO org.apache.catalina.core.ContainerBase.[Tomcat].[localhost].[/] [http-nio-8080-exec-1] Initializing Spring DispatcherServlet 'dispatcherServlet'
2021-01-19 12:48:14,219 INFO com.zaxxer.hikari.HikariDataSource [SpringContextShutdownHook] HikariPool-1 - Shutdown initiated...
2021-01-19 12:48:14,246 INFO com.zaxxer.hikari.HikariDataSource [SpringContextShutdownHook] HikariPool-1 - Shutdown completed.
2021-01-19 12:48:25,902 INFO CommonEntityApplication [restartedMain] Starting CommonEntityApplication using Java 11.0.9 on HDL014788 with PID 28120 (D:\java_learnings\CommonEntity\target\classes started by meenakshi_m in D:\java_learnings\CommonEntity)
2021-01-19 12:48:25,911 DEBUG CommonEntityApplication [restartedMain] Running with Spring Boot v2.4.1, Spring v5.3.2
2021-01-19 12:48:25,911 INFO CommonEntityApplication [restartedMain] No active profile set, falling back to default profiles: default
2021-01-19 12:48:31,903 INFO org.apache.coyote.http11.Http11NioProtocol [restartedMain] Initializing ProtocolHandler ["http-nio-8080"]
2021-01-19 12:48:31,904 INFO org.apache.catalina.core.StandardService [restartedMain] Starting service [Tomcat]
2021-01-19 12:48:31,904 INFO org.apache.catalina.core.StandardEngine [restartedMain] Starting Servlet engine: [Apache Tomcat/9.0.41]
2021-01-19 12:48:32,276 INFO org.apache.catalina.core.ContainerBase.[Tomcat].[localhost].[/] [restartedMain] Initializing Spring embedded WebApplicationContext
2021-01-19 12:48:32,974 INFO com.zaxxer.hikari.HikariDataSource [restartedMain] HikariPool-1 - Starting...
2021-01-19 12:48:33,437 INFO com.zaxxer.hikari.HikariDataSource [restartedMain] HikariPool-1 - Start completed.
2021-01-19 12:48:33,578 INFO org.hibernate.jpa.internal.util.LogHelper [restartedMain] HHH000204: Processing PersistenceUnitInfo [name: default]
2021-01-19 12:48:33,725 INFO org.hibernate.Version [restartedMain] HHH000412: Hibernate ORM core version 5.4.25.Final
2021-01-19 12:48:34,140 INFO org.hibernate.annotations.common.Version [restartedMain] HCANN000001: Hibernate Commons Annotations {5.1.2.Final}
2021-01-19 12:48:34,509 INFO org.hibernate.dialect.Dialect [restartedMain] HHH000400: Using dialect: org.hibernate.dialect.PostgreSQL10Dialect
2021-01-19 12:48:36,815 INFO org.hibernate.engine.transaction.jta.platform.internal.JtaPlatformInitiator [restartedMain] HHH000490: Using JtaPlatform implementation: [org.hibernate.engine.transaction.jta.platform.internal.NoJtaPlatform]
2021-01-19 12:48:39,719 INFO springfox.documentation.spring.web.PropertySourcedRequestMappingHandlerMapping [restartedMain] Mapped URL path [/v2/api-docs] onto method [springfox.documentation.swagger2.web.Swagger2Controller#getDocumentation(String, HttpServletRequest)]
2021-01-19 12:48:40,655 INFO org.apache.coyote.http11.Http11NioProtocol [restartedMain] Starting ProtocolHandler ["http-nio-8080"]
2021-01-19 12:48:40,705 INFO springfox.documentation.spring.web.plugins.DocumentationPluginsBootstrapper [restartedMain] Context refreshed
2021-01-19 12:48:40,751 INFO springfox.documentation.spring.web.plugins.DocumentationPluginsBootstrapper [restartedMain] Found 1 custom documentation plugin(s)
2021-01-19 12:48:40,961 INFO springfox.documentation.spring.web.scanners.ApiListingReferenceScanner [restartedMain] Scanning for api listing references
2021-01-19 12:48:41,353 INFO springfox.documentation.spring.web.readers.operation.CachingOperationNameGenerator [restartedMain] Generating unique operation named: exportUsingGET_1
2021-01-19 12:48:41,448 INFO springfox.documentation.spring.web.readers.operation.CachingOperationNameGenerator [restartedMain] Generating unique operation named: exportUsingGET_2
2021-01-19 12:48:41,558 INFO springfox.documentation.spring.web.readers.operation.CachingOperationNameGenerator [restartedMain] Generating unique operation named: exportUsingGET_3
2021-01-19 12:48:41,620 INFO CommonEntityApplication [restartedMain] Started CommonEntityApplication in 17.152 seconds (JVM running for 19.973)
2021-01-19 12:49:24,256 INFO org.apache.catalina.core.ContainerBase.[Tomcat].[localhost].[/] [http-nio-8080-exec-1] Initializing Spring DispatcherServlet 'dispatcherServlet'
2021-01-19 12:51:27,358 INFO com.zaxxer.hikari.HikariDataSource [SpringContextShutdownHook] HikariPool-1 - Shutdown initiated...
2021-01-19 12:51:27,373 INFO com.zaxxer.hikari.HikariDataSource [SpringContextShutdownHook] HikariPool-1 - Shutdown completed.
2021-01-19 12:51:39,810 INFO CommonEntityApplication [restartedMain] Starting CommonEntityApplication using Java 11.0.9 on HDL014788 with PID 16020 (D:\java_learnings\CommonEntity\target\classes started by meenakshi_m in D:\java_learnings\CommonEntity)
2021-01-19 12:51:39,815 DEBUG CommonEntityApplication [restartedMain] Running with Spring Boot v2.4.1, Spring v5.3.2
2021-01-19 12:51:39,815 INFO CommonEntityApplication [restartedMain] No active profile set, falling back to default profiles: default
2021-01-19 12:51:44,661 INFO org.apache.coyote.http11.Http11NioProtocol [restartedMain] Initializing ProtocolHandler ["http-nio-8080"]
2021-01-19 12:51:44,661 INFO org.apache.catalina.core.StandardService [restartedMain] Starting service [Tomcat]
2021-01-19 12:51:44,661 INFO org.apache.catalina.core.StandardEngine [restartedMain] Starting Servlet engine: [Apache Tomcat/9.0.41]
2021-01-19 12:51:44,998 INFO org.apache.catalina.core.ContainerBase.[Tomcat].[localhost].[/] [restartedMain] Initializing Spring embedded WebApplicationContext
2021-01-19 12:51:45,658 INFO com.zaxxer.hikari.HikariDataSource [restartedMain] HikariPool-1 - Starting...
2021-01-19 12:51:46,118 INFO com.zaxxer.hikari.HikariDataSource [restartedMain] HikariPool-1 - Start completed.
2021-01-19 12:51:46,270 INFO org.hibernate.jpa.internal.util.LogHelper [restartedMain] HHH000204: Processing PersistenceUnitInfo [name: default]
2021-01-19 12:51:46,387 INFO org.hibernate.Version [restartedMain] HHH000412: Hibernate ORM core version 5.4.25.Final
2021-01-19 12:51:46,679 INFO org.hibernate.annotations.common.Version [restartedMain] HCANN000001: Hibernate Commons Annotations {5.1.2.Final}
2021-01-19 12:51:46,924 INFO org.hibernate.dialect.Dialect [restartedMain] HHH000400: Using dialect: org.hibernate.dialect.PostgreSQL10Dialect
2021-01-19 12:51:48,614 INFO org.hibernate.engine.transaction.jta.platform.internal.JtaPlatformInitiator [restartedMain] HHH000490: Using JtaPlatform implementation: [org.hibernate.engine.transaction.jta.platform.internal.NoJtaPlatform]
2021-01-19 12:51:50,780 INFO springfox.documentation.spring.web.PropertySourcedRequestMappingHandlerMapping [restartedMain] Mapped URL path [/v2/api-docs] onto method [springfox.documentation.swagger2.web.Swagger2Controller#getDocumentation(String, HttpServletRequest)]
2021-01-19 12:51:51,383 INFO org.apache.coyote.http11.Http11NioProtocol [restartedMain] Starting ProtocolHandler ["http-nio-8080"]
2021-01-19 12:51:51,429 INFO springfox.documentation.spring.web.plugins.DocumentationPluginsBootstrapper [restartedMain] Context refreshed
2021-01-19 12:51:51,467 INFO springfox.documentation.spring.web.plugins.DocumentationPluginsBootstrapper [restartedMain] Found 1 custom documentation plugin(s)
2021-01-19 12:51:51,662 INFO springfox.documentation.spring.web.scanners.ApiListingReferenceScanner [restartedMain] Scanning for api listing references
2021-01-19 12:51:52,042 INFO springfox.documentation.spring.web.readers.operation.CachingOperationNameGenerator [restartedMain] Generating unique operation named: exportUsingGET_1
2021-01-19 12:51:52,124 INFO springfox.documentation.spring.web.readers.operation.CachingOperationNameGenerator [restartedMain] Generating unique operation named: exportUsingGET_2
2021-01-19 12:51:52,271 INFO springfox.documentation.spring.web.readers.operation.CachingOperationNameGenerator [restartedMain] Generating unique operation named: exportUsingGET_3
2021-01-19 12:51:52,339 INFO CommonEntityApplication [restartedMain] Started CommonEntityApplication in 13.524 seconds (JVM running for 15.483)
2021-01-19 12:51:59,517 INFO org.apache.catalina.core.ContainerBase.[Tomcat].[localhost].[/] [http-nio-8080-exec-1] Initializing Spring DispatcherServlet 'dispatcherServlet'
2021-01-19 13:11:26,941 WARN com.zaxxer.hikari.pool.HikariPool [HikariPool-1 housekeeper] HikariPool-1 - Thread starvation or clock leap detected (housekeeper delta=1m40s695ms460µs200ns).
2021-01-19 15:12:54,830 WARN com.zaxxer.hikari.pool.HikariPool [HikariPool-1 housekeeper] HikariPool-1 - Thread starvation or clock leap detected (housekeeper delta=26m27s708ms348µs801ns).
2021-01-19 17:17:31,942 INFO com.zaxxer.hikari.HikariDataSource [SpringContextShutdownHook] HikariPool-1 - Shutdown initiated...
2021-01-19 17:17:31,965 INFO com.zaxxer.hikari.HikariDataSource [SpringContextShutdownHook] HikariPool-1 - Shutdown completed.
2021-01-19 17:17:48,916 INFO CommonEntityApplication [restartedMain] Starting CommonEntityApplication using Java 11.0.9 on HDL014788 with PID 26976 (D:\java_learnings\CommonEntity\target\classes started by meenakshi_m in D:\java_learnings\CommonEntity)
2021-01-19 17:17:48,923 DEBUG CommonEntityApplication [restartedMain] Running with Spring Boot v2.4.1, Spring v5.3.2
2021-01-19 17:17:48,923 INFO CommonEntityApplication [restartedMain] No active profile set, falling back to default profiles: default
2021-01-19 17:17:54,261 INFO org.apache.coyote.http11.Http11NioProtocol [restartedMain] Initializing ProtocolHandler ["http-nio-8080"]
2021-01-19 17:17:54,262 INFO org.apache.catalina.core.StandardService [restartedMain] Starting service [Tomcat]
2021-01-19 17:17:54,262 INFO org.apache.catalina.core.StandardEngine [restartedMain] Starting Servlet engine: [Apache Tomcat/9.0.41]
2021-01-19 17:17:54,640 INFO org.apache.catalina.core.ContainerBase.[Tomcat].[localhost].[/] [restartedMain] Initializing Spring embedded WebApplicationContext
2021-01-19 17:17:55,409 INFO com.zaxxer.hikari.HikariDataSource [restartedMain] HikariPool-1 - Starting...
2021-01-19 17:17:55,987 INFO com.zaxxer.hikari.HikariDataSource [restartedMain] HikariPool-1 - Start completed.
2021-01-19 17:17:56,108 INFO org.hibernate.jpa.internal.util.LogHelper [restartedMain] HHH000204: Processing PersistenceUnitInfo [name: default]
2021-01-19 17:17:56,261 INFO org.hibernate.Version [restartedMain] HHH000412: Hibernate ORM core version 5.4.25.Final
2021-01-19 17:17:56,632 INFO org.hibernate.annotations.common.Version [restartedMain] HCANN000001: Hibernate Commons Annotations {5.1.2.Final}
2021-01-19 17:17:56,958 INFO org.hibernate.dialect.Dialect [restartedMain] HHH000400: Using dialect: org.hibernate.dialect.PostgreSQL10Dialect
2021-01-19 17:17:58,916 INFO org.hibernate.engine.transaction.jta.platform.internal.JtaPlatformInitiator [restartedMain] HHH000490: Using JtaPlatform implementation: [org.hibernate.engine.transaction.jta.platform.internal.NoJtaPlatform]
2021-01-19 17:18:01,132 INFO springfox.documentation.spring.web.PropertySourcedRequestMappingHandlerMapping [restartedMain] Mapped URL path [/v2/api-docs] onto method [springfox.documentation.swagger2.web.Swagger2Controller#getDocumentation(String, HttpServletRequest)]
2021-01-19 17:18:01,781 INFO org.apache.coyote.http11.Http11NioProtocol [restartedMain] Starting ProtocolHandler ["http-nio-8080"]
2021-01-19 17:18:01,858 INFO springfox.documentation.spring.web.plugins.DocumentationPluginsBootstrapper [restartedMain] Context refreshed
2021-01-19 17:18:01,920 INFO springfox.documentation.spring.web.plugins.DocumentationPluginsBootstrapper [restartedMain] Found 1 custom documentation plugin(s)
2021-01-19 17:18:02,053 INFO springfox.documentation.spring.web.scanners.ApiListingReferenceScanner [restartedMain] Scanning for api listing references
2021-01-19 17:18:02,414 INFO springfox.documentation.spring.web.readers.operation.CachingOperationNameGenerator [restartedMain] Generating unique operation named: exportUsingGET_1
2021-01-19 17:18:02,511 INFO springfox.documentation.spring.web.readers.operation.CachingOperationNameGenerator [restartedMain] Generating unique operation named: exportUsingGET_2
2021-01-19 17:18:02,618 INFO springfox.documentation.spring.web.readers.operation.CachingOperationNameGenerator [restartedMain] Generating unique operation named: exportUsingGET_3
2021-01-19 17:18:02,699 INFO CommonEntityApplication [restartedMain] Started CommonEntityApplication in 14.985 seconds (JVM running for 17.161)
2021-01-19 17:19:06,126 INFO org.apache.catalina.core.ContainerBase.[Tomcat].[localhost].[/] [http-nio-8080-exec-1] Initializing Spring DispatcherServlet 'dispatcherServlet'
2021-01-19 20:29:16,940 WARN com.zaxxer.hikari.pool.HikariPool [HikariPool-1 housekeeper] HikariPool-1 - Thread starvation or clock leap detected (housekeeper delta=42m48s349ms877µs700ns).
2021-01-19 20:34:14,260 INFO com.zaxxer.hikari.HikariDataSource [SpringContextShutdownHook] HikariPool-1 - Shutdown initiated...
2021-01-19 20:34:14,278 INFO com.zaxxer.hikari.HikariDataSource [SpringContextShutdownHook] HikariPool-1 - Shutdown completed.
2021-01-19 20:34:19,569 INFO CommonEntityApplication [restartedMain] Starting CommonEntityApplication using Java 11.0.9 on HDL014788 with PID 28212 (D:\java_learnings\CommonEntity\target\classes started by meenakshi_m in D:\java_learnings\CommonEntity)
2021-01-19 20:34:19,573 DEBUG CommonEntityApplication [restartedMain] Running with Spring Boot v2.4.1, Spring v5.3.2
2021-01-19 20:34:19,573 INFO CommonEntityApplication [restartedMain] No active profile set, falling back to default profiles: default
2021-01-19 20:34:23,604 INFO org.apache.coyote.http11.Http11NioProtocol [restartedMain] Initializing ProtocolHandler ["http-nio-8080"]
2021-01-19 20:34:23,605 INFO org.apache.catalina.core.StandardService [restartedMain] Starting service [Tomcat]
2021-01-19 20:34:23,606 INFO org.apache.catalina.core.StandardEngine [restartedMain] Starting Servlet engine: [Apache Tomcat/9.0.41]
2021-01-19 20:34:23,857 INFO org.apache.catalina.core.ContainerBase.[Tomcat].[localhost].[/] [restartedMain] Initializing Spring embedded WebApplicationContext
2021-01-19 20:34:24,468 INFO com.zaxxer.hikari.HikariDataSource [restartedMain] HikariPool-1 - Starting...
2021-01-19 20:34:24,905 INFO com.zaxxer.hikari.HikariDataSource [restartedMain] HikariPool-1 - Start completed.
2021-01-19 20:34:25,022 INFO org.hibernate.jpa.internal.util.LogHelper [restartedMain] HHH000204: Processing PersistenceUnitInfo [name: default]
2021-01-19 20:34:25,170 INFO org.hibernate.Version [restartedMain] HHH000412: Hibernate ORM core version 5.4.25.Final
2021-01-19 20:34:25,440 INFO org.hibernate.annotations.common.Version [restartedMain] HCANN000001: Hibernate Commons Annotations {5.1.2.Final}
2021-01-19 20:34:25,653 INFO org.hibernate.dialect.Dialect [restartedMain] HHH000400: Using dialect: org.hibernate.dialect.PostgreSQL10Dialect
2021-01-19 20:34:27,029 INFO org.hibernate.engine.transaction.jta.platform.internal.JtaPlatformInitiator [restartedMain] HHH000490: Using JtaPlatform implementation: [org.hibernate.engine.transaction.jta.platform.internal.NoJtaPlatform]
2021-01-19 20:34:28,860 INFO springfox.documentation.spring.web.PropertySourcedRequestMappingHandlerMapping [restartedMain] Mapped URL path [/v2/api-docs] onto method [springfox.documentation.swagger2.web.Swagger2Controller#getDocumentation(String, HttpServletRequest)]
2021-01-19 20:34:29,412 INFO org.apache.coyote.http11.Http11NioProtocol [restartedMain] Starting ProtocolHandler ["http-nio-8080"]
2021-01-19 20:34:29,455 INFO springfox.documentation.spring.web.plugins.DocumentationPluginsBootstrapper [restartedMain] Context refreshed
2021-01-19 20:34:29,495 INFO springfox.documentation.spring.web.plugins.DocumentationPluginsBootstrapper [restartedMain] Found 1 custom documentation plugin(s)
2021-01-19 20:34:29,637 INFO springfox.documentation.spring.web.scanners.ApiListingReferenceScanner [restartedMain] Scanning for api listing references
2021-01-19 20:34:30,037 INFO springfox.documentation.spring.web.readers.operation.CachingOperationNameGenerator [restartedMain] Generating unique operation named: exportUsingGET_1
2021-01-19 20:34:30,119 INFO springfox.documentation.spring.web.readers.operation.CachingOperationNameGenerator [restartedMain] Generating unique operation named: exportUsingGET_2
2021-01-19 20:34:30,250 INFO springfox.documentation.spring.web.readers.operation.CachingOperationNameGenerator [restartedMain] Generating unique operation named: exportUsingGET_3
2021-01-19 20:34:30,332 INFO CommonEntityApplication [restartedMain] Started CommonEntityApplication in 11.542 seconds (JVM running for 12.957)
2021-01-19 20:34:38,816 INFO org.apache.catalina.core.ContainerBase.[Tomcat].[localhost].[/] [http-nio-8080-exec-2] Initializing Spring DispatcherServlet 'dispatcherServlet'
